{"/home/dileep-reddy/smartcloudops-ai/frontend/src/App.tsx": {"path":"/home/dileep-reddy/smartcloudops-ai/frontend/src/App.tsx","statementMap":{"0":{"start":{"line":15,"column":20},"end":{"line":22,"column":2}},"1":{"start":{"line":25,"column":2},"end":{"line":55,"column":4}}},"fnMap":{"0":{"name":"App","decl":{"start":{"line":24,"column":9},"end":{"line":24,"column":12}},"loc":{"start":{"line":24,"column":15},"end":{"line":56,"column":1}},"line":24}},"branchMap":{},"s":{"0":0,"1":0},"f":{"0":0},"b":{}}
,"/home/dileep-reddy/smartcloudops-ai/frontend/src/index.tsx": {"path":"/home/dileep-reddy/smartcloudops-ai/frontend/src/index.tsx","statementMap":{"0":{"start":{"line":6,"column":13},"end":{"line":8,"column":1}},"1":{"start":{"line":10,"column":0},"end":{"line":14,"column":2}}},"fnMap":{},"branchMap":{},"s":{"0":0,"1":0},"f":{},"b":{}}
,"/home/dileep-reddy/smartcloudops-ai/frontend/src/components/Common/ErrorBoundary.tsx": {"path":"/home/dileep-reddy/smartcloudops-ai/frontend/src/components/Common/ErrorBoundary.tsx","statementMap":{"0":{"start":{"line":16,"column":4},"end":{"line":16,"column":17}},"1":{"start":{"line":17,"column":4},"end":{"line":17,"column":37}},"2":{"start":{"line":21,"column":4},"end":{"line":21,"column":37}},"3":{"start":{"line":25,"column":4},"end":{"line":25,"column":70}},"4":{"start":{"line":28,"column":4},"end":{"line":28,"column":36}},"5":{"start":{"line":30,"column":4},"end":{"line":33,"column":7}},"6":{"start":{"line":36,"column":21},"end":{"line":47,"column":3}},"7":{"start":{"line":38,"column":4},"end":{"line":46,"column":5}},"8":{"start":{"line":40,"column":6},"end":{"line":45,"column":9}},"9":{"start":{"line":49,"column":24},"end":{"line":51,"column":3}},"10":{"start":{"line":50,"column":4},"end":{"line":50,"column":79}},"11":{"start":{"line":54,"column":4},"end":{"line":124,"column":5}},"12":{"start":{"line":55,"column":6},"end":{"line":57,"column":7}},"13":{"start":{"line":56,"column":8},"end":{"line":56,"column":35}},"14":{"start":{"line":59,"column":6},"end":{"line":123,"column":8}},"15":{"start":{"line":92,"column":33},"end":{"line":92,"column":57}},"16":{"start":{"line":126,"column":4},"end":{"line":126,"column":31}}},"fnMap":{"0":{"name":"(anonymous_0)","decl":{"start":{"line":15,"column":2},"end":{"line":15,"column":3}},"loc":{"start":{"line":15,"column":28},"end":{"line":18,"column":3}},"line":15},"1":{"name":"(anonymous_1)","decl":{"start":{"line":20,"column":2},"end":{"line":20,"column":3}},"loc":{"start":{"line":20,"column":55},"end":{"line":22,"column":3}},"line":20},"2":{"name":"(anonymous_2)","decl":{"start":{"line":24,"column":2},"end":{"line":24,"column":3}},"loc":{"start":{"line":24,"column":56},"end":{"line":34,"column":3}},"line":24},"3":{"name":"(anonymous_3)","decl":{"start":{"line":36,"column":21},"end":{"line":36,"column":22}},"loc":{"start":{"line":36,"column":61},"end":{"line":47,"column":3}},"line":36},"4":{"name":"(anonymous_4)","decl":{"start":{"line":49,"column":24},"end":{"line":49,"column":25}},"loc":{"start":{"line":49,"column":30},"end":{"line":51,"column":3}},"line":49},"5":{"name":"(anonymous_5)","decl":{"start":{"line":53,"column":2},"end":{"line":53,"column":3}},"loc":{"start":{"line":53,"column":11},"end":{"line":127,"column":3}},"line":53},"6":{"name":"(anonymous_6)","decl":{"start":{"line":92,"column":27},"end":{"line":92,"column":28}},"loc":{"start":{"line":92,"column":33},"end":{"line":92,"column":57}},"line":92}},"branchMap":{"0":{"loc":{"start":{"line":38,"column":4},"end":{"line":46,"column":5}},"type":"if","locations":[{"start":{"line":38,"column":4},"end":{"line":46,"column":5}},{"start":{},"end":{}}],"line":38},"1":{"loc":{"start":{"line":54,"column":4},"end":{"line":124,"column":5}},"type":"if","locations":[{"start":{"line":54,"column":4},"end":{"line":124,"column":5}},{"start":{},"end":{}}],"line":54},"2":{"loc":{"start":{"line":55,"column":6},"end":{"line":57,"column":7}},"type":"if","locations":[{"start":{"line":55,"column":6},"end":{"line":57,"column":7}},{"start":{},"end":{}}],"line":55},"3":{"loc":{"start":{"line":98,"column":15},"end":{"line":119,"column":15}},"type":"binary-expr","locations":[{"start":{"line":98,"column":15},"end":{"line":98,"column":53}},{"start":{"line":98,"column":57},"end":{"line":98,"column":73}},{"start":{"line":99,"column":16},"end":{"line":118,"column":26}}],"line":98},"4":{"loc":{"start":{"line":111,"column":21},"end":{"line":116,"column":21}},"type":"binary-expr","locations":[{"start":{"line":111,"column":21},"end":{"line":111,"column":41}},{"start":{"line":112,"column":22},"end":{"line":115,"column":28}}],"line":111}},"s":{"0":0,"1":0,"2":0,"3":0,"4":0,"5":0,"6":0,"7":0,"8":0,"9":0,"10":0,"11":0,"12":0,"13":0,"14":0,"15":0,"16":0},"f":{"0":0,"1":0,"2":0,"3":0,"4":0,"5":0,"6":0},"b":{"0":[0,0],"1":[0,0],"2":[0,0],"3":[0,0,0],"4":[0,0]}}
,"/home/dileep-reddy/smartcloudops-ai/frontend/src/components/Common/LoadingSpinner.tsx": {"path":"/home/dileep-reddy/smartcloudops-ai/frontend/src/components/Common/LoadingSpinner.tsx","statementMap":{"0":{"start":{"line":9,"column":54},"end":{"line":38,"column":1}},"1":{"start":{"line":14,"column":22},"end":{"line":18,"column":3}},"2":{"start":{"line":20,"column":2},"end":{"line":37,"column":4}}},"fnMap":{"0":{"name":"(anonymous_0)","decl":{"start":{"line":9,"column":54},"end":{"line":9,"column":55}},"loc":{"start":{"line":13,"column":6},"end":{"line":38,"column":1}},"line":13}},"branchMap":{"0":{"loc":{"start":{"line":10,"column":2},"end":{"line":10,"column":13}},"type":"default-arg","locations":[{"start":{"line":10,"column":9},"end":{"line":10,"column":13}}],"line":10},"1":{"loc":{"start":{"line":11,"column":2},"end":{"line":11,"column":21}},"type":"default-arg","locations":[{"start":{"line":11,"column":9},"end":{"line":11,"column":21}}],"line":11},"2":{"loc":{"start":{"line":12,"column":2},"end":{"line":12,"column":16}},"type":"default-arg","locations":[{"start":{"line":12,"column":14},"end":{"line":12,"column":16}}],"line":12},"3":{"loc":{"start":{"line":31,"column":7},"end":{"line":35,"column":7}},"type":"binary-expr","locations":[{"start":{"line":31,"column":7},"end":{"line":31,"column":11}},{"start":{"line":32,"column":8},"end":{"line":34,"column":12}}],"line":31}},"s":{"0":0,"1":0,"2":0},"f":{"0":0},"b":{"0":[0],"1":[0],"2":[0],"3":[0,0]}}
,"/home/dileep-reddy/smartcloudops-ai/frontend/src/components/Layout/Header.tsx": {"path":"/home/dileep-reddy/smartcloudops-ai/frontend/src/components/Layout/Header.tsx","statementMap":{"0":{"start":{"line":9,"column":25},"end":{"line":84,"column":1}},"1":{"start":{"line":10,"column":27},"end":{"line":10,"column":36}},"2":{"start":{"line":12,"column":2},"end":{"line":83,"column":4}},"3":{"start":{"line":66,"column":20},"end":{"line":74,"column":29}}},"fnMap":{"0":{"name":"(anonymous_0)","decl":{"start":{"line":9,"column":25},"end":{"line":9,"column":26}},"loc":{"start":{"line":9,"column":31},"end":{"line":84,"column":1}},"line":9},"1":{"name":"(anonymous_1)","decl":{"start":{"line":65,"column":19},"end":{"line":65,"column":20}},"loc":{"start":{"line":66,"column":20},"end":{"line":74,"column":29}},"line":66}},"branchMap":{"0":{"loc":{"start":{"line":69,"column":26},"end":{"line":69,"column":52}},"type":"cond-expr","locations":[{"start":{"line":69,"column":35},"end":{"line":69,"column":47}},{"start":{"line":69,"column":50},"end":{"line":69,"column":52}}],"line":69}},"s":{"0":0,"1":0,"2":0,"3":0},"f":{"0":0,"1":0},"b":{"0":[0,0]}}
,"/home/dileep-reddy/smartcloudops-ai/frontend/src/components/Layout/Layout.tsx": {"path":"/home/dileep-reddy/smartcloudops-ai/frontend/src/components/Layout/Layout.tsx","statementMap":{"0":{"start":{"line":8,"column":25},"end":{"line":39,"column":1}},"1":{"start":{"line":9,"column":41},"end":{"line":9,"column":50}},"2":{"start":{"line":10,"column":19},"end":{"line":10,"column":32}},"3":{"start":{"line":13,"column":2},"end":{"line":19,"column":3}},"4":{"start":{"line":14,"column":4},"end":{"line":18,"column":6}},"5":{"start":{"line":22,"column":2},"end":{"line":24,"column":3}},"6":{"start":{"line":23,"column":4},"end":{"line":23,"column":71}},"7":{"start":{"line":26,"column":2},"end":{"line":38,"column":4}}},"fnMap":{"0":{"name":"(anonymous_0)","decl":{"start":{"line":8,"column":25},"end":{"line":8,"column":26}},"loc":{"start":{"line":8,"column":31},"end":{"line":39,"column":1}},"line":8}},"branchMap":{"0":{"loc":{"start":{"line":13,"column":2},"end":{"line":19,"column":3}},"type":"if","locations":[{"start":{"line":13,"column":2},"end":{"line":19,"column":3}},{"start":{},"end":{}}],"line":13},"1":{"loc":{"start":{"line":22,"column":2},"end":{"line":24,"column":3}},"type":"if","locations":[{"start":{"line":22,"column":2},"end":{"line":24,"column":3}},{"start":{},"end":{}}],"line":22}},"s":{"0":0,"1":0,"2":0,"3":0,"4":0,"5":0,"6":0,"7":0},"f":{"0":0},"b":{"0":[0,0],"1":[0,0]}}
,"/home/dileep-reddy/smartcloudops-ai/frontend/src/components/Layout/Sidebar.tsx": {"path":"/home/dileep-reddy/smartcloudops-ai/frontend/src/components/Layout/Sidebar.tsx","statementMap":{"0":{"start":{"line":14,"column":19},"end":{"line":19,"column":1}},"1":{"start":{"line":21,"column":26},"end":{"line":178,"column":1}},"2":{"start":{"line":22,"column":40},"end":{"line":22,"column":55}},"3":{"start":{"line":23,"column":34},"end":{"line":23,"column":43}},"4":{"start":{"line":25,"column":29},"end":{"line":25,"column":86}},"5":{"start":{"line":25,"column":55},"end":{"line":25,"column":85}},"6":{"start":{"line":27,"column":2},"end":{"line":177,"column":4}},"7":{"start":{"line":34,"column":69},"end":{"line":34,"column":90}},"8":{"start":{"line":53,"column":31},"end":{"line":53,"column":52}},"9":{"start":{"line":64,"column":22},"end":{"line":83,"column":27}},"10":{"start":{"line":68,"column":28},"end":{"line":73,"column":29}},"11":{"start":{"line":75,"column":41},"end":{"line":75,"column":62}},"12":{"start":{"line":124,"column":20},"end":{"line":142,"column":25}},"13":{"start":{"line":128,"column":26},"end":{"line":133,"column":27}},"14":{"start":{"line":167,"column":25},"end":{"line":167,"column":45}}},"fnMap":{"0":{"name":"(anonymous_0)","decl":{"start":{"line":21,"column":26},"end":{"line":21,"column":27}},"loc":{"start":{"line":21,"column":32},"end":{"line":178,"column":1}},"line":21},"1":{"name":"(anonymous_1)","decl":{"start":{"line":25,"column":47},"end":{"line":25,"column":48}},"loc":{"start":{"line":25,"column":55},"end":{"line":25,"column":85}},"line":25},"2":{"name":"(anonymous_2)","decl":{"start":{"line":34,"column":63},"end":{"line":34,"column":64}},"loc":{"start":{"line":34,"column":69},"end":{"line":34,"column":90}},"line":34},"3":{"name":"(anonymous_3)","decl":{"start":{"line":53,"column":25},"end":{"line":53,"column":26}},"loc":{"start":{"line":53,"column":31},"end":{"line":53,"column":52}},"line":53},"4":{"name":"(anonymous_4)","decl":{"start":{"line":63,"column":44},"end":{"line":63,"column":45}},"loc":{"start":{"line":64,"column":22},"end":{"line":83,"column":27}},"line":64},"5":{"name":"(anonymous_5)","decl":{"start":{"line":67,"column":37},"end":{"line":67,"column":38}},"loc":{"start":{"line":68,"column":28},"end":{"line":73,"column":29}},"line":68},"6":{"name":"(anonymous_6)","decl":{"start":{"line":75,"column":35},"end":{"line":75,"column":36}},"loc":{"start":{"line":75,"column":41},"end":{"line":75,"column":62}},"line":75},"7":{"name":"(anonymous_7)","decl":{"start":{"line":123,"column":42},"end":{"line":123,"column":43}},"loc":{"start":{"line":124,"column":20},"end":{"line":142,"column":25}},"line":124},"8":{"name":"(anonymous_8)","decl":{"start":{"line":127,"column":35},"end":{"line":127,"column":36}},"loc":{"start":{"line":128,"column":26},"end":{"line":133,"column":27}},"line":128},"9":{"name":"(anonymous_9)","decl":{"start":{"line":167,"column":19},"end":{"line":167,"column":20}},"loc":{"start":{"line":167,"column":25},"end":{"line":167,"column":45}},"line":167}},"branchMap":{"0":{"loc":{"start":{"line":32,"column":8},"end":{"line":32,"column":40}},"type":"cond-expr","locations":[{"start":{"line":32,"column":22},"end":{"line":32,"column":29}},{"start":{"line":32,"column":32},"end":{"line":32,"column":40}}],"line":32},"1":{"loc":{"start":{"line":69,"column":30},"end":{"line":71,"column":88}},"type":"cond-expr","locations":[{"start":{"line":70,"column":34},"end":{"line":70,"column":62}},{"start":{"line":71,"column":34},"end":{"line":71,"column":88}}],"line":69},"2":{"loc":{"start":{"line":129,"column":28},"end":{"line":131,"column":86}},"type":"cond-expr","locations":[{"start":{"line":130,"column":32},"end":{"line":130,"column":60}},{"start":{"line":131,"column":32},"end":{"line":131,"column":86}}],"line":129}},"s":{"0":0,"1":0,"2":0,"3":0,"4":0,"5":0,"6":0,"7":0,"8":0,"9":0,"10":0,"11":0,"12":0,"13":0,"14":0},"f":{"0":0,"1":0,"2":0,"3":0,"4":0,"5":0,"6":0,"7":0,"8":0,"9":0},"b":{"0":[0,0],"1":[0,0],"2":[0,0]}}
,"/home/dileep-reddy/smartcloudops-ai/frontend/src/contexts/AuthContext.tsx": {"path":"/home/dileep-reddy/smartcloudops-ai/frontend/src/contexts/AuthContext.tsx","statementMap":{"0":{"start":{"line":34,"column":20},"end":{"line":34,"column":73}},"1":{"start":{"line":36,"column":32},"end":{"line":41,"column":1}},"2":{"start":{"line":44,"column":2},"end":{"line":85,"column":3}},"3":{"start":{"line":46,"column":6},"end":{"line":49,"column":8}},"4":{"start":{"line":51,"column":6},"end":{"line":51,"column":58}},"5":{"start":{"line":52,"column":6},"end":{"line":58,"column":8}},"6":{"start":{"line":60,"column":6},"end":{"line":66,"column":8}},"7":{"start":{"line":68,"column":6},"end":{"line":68,"column":39}},"8":{"start":{"line":69,"column":6},"end":{"line":75,"column":8}},"9":{"start":{"line":77,"column":6},"end":{"line":82,"column":8}},"10":{"start":{"line":84,"column":6},"end":{"line":84,"column":19}},"11":{"start":{"line":89,"column":28},"end":{"line":89,"column":65}},"12":{"start":{"line":90,"column":19},"end":{"line":90,"column":32}},"13":{"start":{"line":92,"column":2},"end":{"line":120,"column":20}},"14":{"start":{"line":93,"column":21},"end":{"line":117,"column":5}},"15":{"start":{"line":94,"column":6},"end":{"line":116,"column":7}},"16":{"start":{"line":95,"column":8},"end":{"line":113,"column":9}},"17":{"start":{"line":96,"column":27},"end":{"line":96,"column":81}},"18":{"start":{"line":97,"column":10},"end":{"line":110,"column":11}},"19":{"start":{"line":98,"column":12},"end":{"line":107,"column":15}},"20":{"start":{"line":109,"column":12},"end":{"line":109,"column":41}},"21":{"start":{"line":112,"column":10},"end":{"line":112,"column":39}},"22":{"start":{"line":115,"column":8},"end":{"line":115,"column":37}},"23":{"start":{"line":119,"column":4},"end":{"line":119,"column":15}},"24":{"start":{"line":122,"column":16},"end":{"line":150,"column":3}},"25":{"start":{"line":123,"column":4},"end":{"line":123,"column":38}},"26":{"start":{"line":125,"column":4},"end":{"line":149,"column":5}},"27":{"start":{"line":126,"column":23},"end":{"line":126,"column":76}},"28":{"start":{"line":127,"column":52},"end":{"line":127,"column":65}},"29":{"start":{"line":129,"column":6},"end":{"line":141,"column":9}},"30":{"start":{"line":143,"column":6},"end":{"line":143,"column":41}},"31":{"start":{"line":144,"column":6},"end":{"line":144,"column":20}},"32":{"start":{"line":146,"column":22},"end":{"line":146,"column":67}},"33":{"start":{"line":147,"column":6},"end":{"line":147,"column":60}},"34":{"start":{"line":148,"column":6},"end":{"line":148,"column":27}},"35":{"start":{"line":152,"column":17},"end":{"line":156,"column":3}},"36":{"start":{"line":153,"column":4},"end":{"line":153,"column":33}},"37":{"start":{"line":154,"column":4},"end":{"line":154,"column":23}},"38":{"start":{"line":155,"column":4},"end":{"line":155,"column":45}},"39":{"start":{"line":158,"column":24},"end":{"line":160,"column":3}},"40":{"start":{"line":159,"column":4},"end":{"line":159,"column":65}},"41":{"start":{"line":162,"column":33},"end":{"line":167,"column":3}},"42":{"start":{"line":169,"column":2},"end":{"line":169,"column":79}},"43":{"start":{"line":173,"column":18},"end":{"line":173,"column":41}},"44":{"start":{"line":174,"column":2},"end":{"line":176,"column":3}},"45":{"start":{"line":175,"column":4},"end":{"line":175,"column":67}},"46":{"start":{"line":177,"column":2},"end":{"line":177,"column":17}}},"fnMap":{"0":{"name":"authReducer","decl":{"start":{"line":43,"column":9},"end":{"line":43,"column":20}},"loc":{"start":{"line":43,"column":70},"end":{"line":86,"column":1}},"line":43},"1":{"name":"AuthProvider","decl":{"start":{"line":88,"column":16},"end":{"line":88,"column":28}},"loc":{"start":{"line":88,"column":74},"end":{"line":170,"column":1}},"line":88},"2":{"name":"(anonymous_2)","decl":{"start":{"line":92,"column":12},"end":{"line":92,"column":13}},"loc":{"start":{"line":92,"column":18},"end":{"line":120,"column":3}},"line":92},"3":{"name":"(anonymous_3)","decl":{"start":{"line":93,"column":21},"end":{"line":93,"column":22}},"loc":{"start":{"line":93,"column":33},"end":{"line":117,"column":5}},"line":93},"4":{"name":"(anonymous_4)","decl":{"start":{"line":122,"column":16},"end":{"line":122,"column":17}},"loc":{"start":{"line":122,"column":62},"end":{"line":150,"column":3}},"line":122},"5":{"name":"(anonymous_5)","decl":{"start":{"line":152,"column":17},"end":{"line":152,"column":18}},"loc":{"start":{"line":152,"column":23},"end":{"line":156,"column":3}},"line":152},"6":{"name":"(anonymous_6)","decl":{"start":{"line":158,"column":24},"end":{"line":158,"column":25}},"loc":{"start":{"line":158,"column":57},"end":{"line":160,"column":3}},"line":158},"7":{"name":"useAuth","decl":{"start":{"line":172,"column":16},"end":{"line":172,"column":23}},"loc":{"start":{"line":172,"column":26},"end":{"line":178,"column":1}},"line":172}},"branchMap":{"0":{"loc":{"start":{"line":44,"column":2},"end":{"line":85,"column":3}},"type":"switch","locations":[{"start":{"line":45,"column":4},"end":{"line":49,"column":8}},{"start":{"line":50,"column":4},"end":{"line":58,"column":8}},{"start":{"line":59,"column":4},"end":{"line":66,"column":8}},{"start":{"line":67,"column":4},"end":{"line":75,"column":8}},{"start":{"line":76,"column":4},"end":{"line":82,"column":8}},{"start":{"line":83,"column":4},"end":{"line":84,"column":19}}],"line":44},"1":{"loc":{"start":{"line":94,"column":6},"end":{"line":116,"column":7}},"type":"if","locations":[{"start":{"line":94,"column":6},"end":{"line":116,"column":7}},{"start":{"line":114,"column":13},"end":{"line":116,"column":7}}],"line":94},"2":{"loc":{"start":{"line":97,"column":10},"end":{"line":110,"column":11}},"type":"if","locations":[{"start":{"line":97,"column":10},"end":{"line":110,"column":11}},{"start":{"line":108,"column":17},"end":{"line":110,"column":11}}],"line":97},"3":{"loc":{"start":{"line":146,"column":22},"end":{"line":146,"column":67}},"type":"binary-expr","locations":[{"start":{"line":146,"column":22},"end":{"line":146,"column":49}},{"start":{"line":146,"column":53},"end":{"line":146,"column":67}}],"line":146},"4":{"loc":{"start":{"line":159,"column":11},"end":{"line":159,"column":64}},"type":"binary-expr","locations":[{"start":{"line":159,"column":11},"end":{"line":159,"column":55}},{"start":{"line":159,"column":59},"end":{"line":159,"column":64}}],"line":159},"5":{"loc":{"start":{"line":174,"column":2},"end":{"line":176,"column":3}},"type":"if","locations":[{"start":{"line":174,"column":2},"end":{"line":176,"column":3}},{"start":{},"end":{}}],"line":174}},"s":{"0":0,"1":0,"2":0,"3":0,"4":0,"5":0,"6":0,"7":0,"8":0,"9":0,"10":0,"11":0,"12":0,"13":0,"14":0,"15":0,"16":0,"17":0,"18":0,"19":0,"20":0,"21":0,"22":0,"23":0,"24":0,"25":0,"26":0,"27":0,"28":0,"29":0,"30":0,"31":0,"32":0,"33":0,"34":0,"35":0,"36":0,"37":0,"38":0,"39":0,"40":0,"41":0,"42":0,"43":0,"44":0,"45":0,"46":0},"f":{"0":0,"1":0,"2":0,"3":0,"4":0,"5":0,"6":0,"7":0},"b":{"0":[0,0,0,0,0,0],"1":[0,0],"2":[0,0],"3":[0,0],"4":[0,0],"5":[0,0]}}
,"/home/dileep-reddy/smartcloudops-ai/frontend/src/pages/Admin/Admin.tsx": {"path":"/home/dileep-reddy/smartcloudops-ai/frontend/src/pages/Admin/Admin.tsx","statementMap":{"0":{"start":{"line":13,"column":24},"end":{"line":439,"column":1}},"1":{"start":{"line":14,"column":36},"end":{"line":14,"column":54}},"2":{"start":{"line":15,"column":22},"end":{"line":15,"column":38}},"3":{"start":{"line":17,"column":59},"end":{"line":20,"column":3}},"4":{"start":{"line":22,"column":62},"end":{"line":25,"column":3}},"5":{"start":{"line":27,"column":64},"end":{"line":30,"column":3}},"6":{"start":{"line":32,"column":37},"end":{"line":43,"column":3}},"7":{"start":{"line":33,"column":21},"end":{"line":33,"column":58}},"8":{"start":{"line":36,"column":8},"end":{"line":36,"column":60}},"9":{"start":{"line":37,"column":8},"end":{"line":37,"column":55}},"10":{"start":{"line":40,"column":8},"end":{"line":40,"column":54}},"11":{"start":{"line":45,"column":37},"end":{"line":56,"column":3}},"12":{"start":{"line":46,"column":19},"end":{"line":46,"column":54}},"13":{"start":{"line":49,"column":8},"end":{"line":49,"column":61}},"14":{"start":{"line":50,"column":8},"end":{"line":50,"column":59}},"15":{"start":{"line":53,"column":8},"end":{"line":53,"column":54}},"16":{"start":{"line":58,"column":35},"end":{"line":69,"column":3}},"17":{"start":{"line":59,"column":10},"end":{"line":59,"column":39}},"18":{"start":{"line":62,"column":8},"end":{"line":62,"column":58}},"19":{"start":{"line":63,"column":8},"end":{"line":63,"column":60}},"20":{"start":{"line":66,"column":8},"end":{"line":66,"column":51}},"21":{"start":{"line":71,"column":15},"end":{"line":76,"column":3}},"22":{"start":{"line":78,"column":20},"end":{"line":78,"column":66}},"23":{"start":{"line":80,"column":2},"end":{"line":86,"column":3}},"24":{"start":{"line":81,"column":4},"end":{"line":85,"column":6}},"25":{"start":{"line":88,"column":2},"end":{"line":438,"column":4}},"26":{"start":{"line":105,"column":12},"end":{"line":116,"column":21}},"27":{"start":{"line":107,"column":29},"end":{"line":107,"column":49}},"28":{"start":{"line":139,"column":40},"end":{"line":142,"column":23}},"29":{"start":{"line":143,"column":22},"end":{"line":143,"column":67}},"30":{"start":{"line":158,"column":40},"end":{"line":161,"column":23}},"31":{"start":{"line":162,"column":22},"end":{"line":162,"column":67}},"32":{"start":{"line":177,"column":40},"end":{"line":180,"column":23}},"33":{"start":{"line":181,"column":22},"end":{"line":181,"column":67}},"34":{"start":{"line":196,"column":40},"end":{"line":199,"column":23}},"35":{"start":{"line":200,"column":22},"end":{"line":200,"column":67}},"36":{"start":{"line":220,"column":35},"end":{"line":220,"column":68}}},"fnMap":{"0":{"name":"(anonymous_0)","decl":{"start":{"line":13,"column":24},"end":{"line":13,"column":25}},"loc":{"start":{"line":13,"column":30},"end":{"line":439,"column":1}},"line":13},"1":{"name":"(anonymous_1)","decl":{"start":{"line":33,"column":4},"end":{"line":33,"column":5}},"loc":{"start":{"line":33,"column":21},"end":{"line":33,"column":58}},"line":33},"2":{"name":"(anonymous_2)","decl":{"start":{"line":35,"column":17},"end":{"line":35,"column":18}},"loc":{"start":{"line":35,"column":23},"end":{"line":38,"column":7}},"line":35},"3":{"name":"(anonymous_3)","decl":{"start":{"line":39,"column":15},"end":{"line":39,"column":16}},"loc":{"start":{"line":39,"column":21},"end":{"line":41,"column":7}},"line":39},"4":{"name":"(anonymous_4)","decl":{"start":{"line":46,"column":4},"end":{"line":46,"column":5}},"loc":{"start":{"line":46,"column":19},"end":{"line":46,"column":54}},"line":46},"5":{"name":"(anonymous_5)","decl":{"start":{"line":48,"column":17},"end":{"line":48,"column":18}},"loc":{"start":{"line":48,"column":23},"end":{"line":51,"column":7}},"line":48},"6":{"name":"(anonymous_6)","decl":{"start":{"line":52,"column":15},"end":{"line":52,"column":16}},"loc":{"start":{"line":52,"column":21},"end":{"line":54,"column":7}},"line":52},"7":{"name":"(anonymous_7)","decl":{"start":{"line":59,"column":4},"end":{"line":59,"column":5}},"loc":{"start":{"line":59,"column":10},"end":{"line":59,"column":39}},"line":59},"8":{"name":"(anonymous_8)","decl":{"start":{"line":61,"column":17},"end":{"line":61,"column":18}},"loc":{"start":{"line":61,"column":23},"end":{"line":64,"column":7}},"line":61},"9":{"name":"(anonymous_9)","decl":{"start":{"line":65,"column":15},"end":{"line":65,"column":16}},"loc":{"start":{"line":65,"column":21},"end":{"line":67,"column":7}},"line":65},"10":{"name":"(anonymous_10)","decl":{"start":{"line":104,"column":20},"end":{"line":104,"column":21}},"loc":{"start":{"line":105,"column":12},"end":{"line":116,"column":21}},"line":105},"11":{"name":"(anonymous_11)","decl":{"start":{"line":107,"column":23},"end":{"line":107,"column":24}},"loc":{"start":{"line":107,"column":29},"end":{"line":107,"column":49}},"line":107},"12":{"name":"(anonymous_12)","decl":{"start":{"line":138,"column":30},"end":{"line":138,"column":31}},"loc":{"start":{"line":138,"column":37},"end":{"line":144,"column":21}},"line":138},"13":{"name":"(anonymous_13)","decl":{"start":{"line":157,"column":30},"end":{"line":157,"column":31}},"loc":{"start":{"line":157,"column":37},"end":{"line":163,"column":21}},"line":157},"14":{"name":"(anonymous_14)","decl":{"start":{"line":176,"column":30},"end":{"line":176,"column":31}},"loc":{"start":{"line":176,"column":37},"end":{"line":182,"column":21}},"line":176},"15":{"name":"(anonymous_15)","decl":{"start":{"line":195,"column":30},"end":{"line":195,"column":31}},"loc":{"start":{"line":195,"column":37},"end":{"line":201,"column":21}},"line":195},"16":{"name":"(anonymous_16)","decl":{"start":{"line":220,"column":29},"end":{"line":220,"column":30}},"loc":{"start":{"line":220,"column":35},"end":{"line":220,"column":68}},"line":220}},"branchMap":{"0":{"loc":{"start":{"line":78,"column":20},"end":{"line":78,"column":66}},"type":"binary-expr","locations":[{"start":{"line":78,"column":20},"end":{"line":78,"column":33}},{"start":{"line":78,"column":37},"end":{"line":78,"column":49}},{"start":{"line":78,"column":53},"end":{"line":78,"column":66}}],"line":78},"1":{"loc":{"start":{"line":80,"column":2},"end":{"line":86,"column":3}},"type":"if","locations":[{"start":{"line":80,"column":2},"end":{"line":86,"column":3}},{"start":{},"end":{}}],"line":80},"2":{"loc":{"start":{"line":109,"column":16},"end":{"line":111,"column":96}},"type":"cond-expr","locations":[{"start":{"line":110,"column":20},"end":{"line":110,"column":55}},{"start":{"line":111,"column":20},"end":{"line":111,"column":96}}],"line":109},"3":{"loc":{"start":{"line":123,"column":9},"end":{"line":230,"column":9}},"type":"binary-expr","locations":[{"start":{"line":123,"column":9},"end":{"line":123,"column":31}},{"start":{"line":124,"column":10},"end":{"line":229,"column":16}}],"line":123},"4":{"loc":{"start":{"line":137,"column":27},"end":{"line":137,"column":60}},"type":"binary-expr","locations":[{"start":{"line":137,"column":27},"end":{"line":137,"column":54}},{"start":{"line":137,"column":58},"end":{"line":137,"column":60}}],"line":137},"5":{"loc":{"start":{"line":156,"column":27},"end":{"line":156,"column":63}},"type":"binary-expr","locations":[{"start":{"line":156,"column":27},"end":{"line":156,"column":57}},{"start":{"line":156,"column":61},"end":{"line":156,"column":63}}],"line":156},"6":{"loc":{"start":{"line":175,"column":27},"end":{"line":175,"column":61}},"type":"binary-expr","locations":[{"start":{"line":175,"column":27},"end":{"line":175,"column":55}},{"start":{"line":175,"column":59},"end":{"line":175,"column":61}}],"line":175},"7":{"loc":{"start":{"line":194,"column":27},"end":{"line":194,"column":68}},"type":"binary-expr","locations":[{"start":{"line":194,"column":27},"end":{"line":194,"column":63}},{"start":{"line":194,"column":67},"end":{"line":194,"column":68}}],"line":194},"8":{"loc":{"start":{"line":216,"column":31},"end":{"line":216,"column":69}},"type":"binary-expr","locations":[{"start":{"line":216,"column":31},"end":{"line":216,"column":56}},{"start":{"line":216,"column":60},"end":{"line":216,"column":69}}],"line":216},"9":{"loc":{"start":{"line":224,"column":21},"end":{"line":224,"column":93}},"type":"cond-expr","locations":[{"start":{"line":224,"column":58},"end":{"line":224,"column":71}},{"start":{"line":224,"column":74},"end":{"line":224,"column":93}}],"line":224},"10":{"loc":{"start":{"line":232,"column":9},"end":{"line":285,"column":9}},"type":"binary-expr","locations":[{"start":{"line":232,"column":9},"end":{"line":232,"column":30}},{"start":{"line":233,"column":10},"end":{"line":284,"column":16}}],"line":232},"11":{"loc":{"start":{"line":287,"column":9},"end":{"line":356,"column":9}},"type":"binary-expr","locations":[{"start":{"line":287,"column":9},"end":{"line":287,"column":33}},{"start":{"line":288,"column":10},"end":{"line":355,"column":16}}],"line":287},"12":{"loc":{"start":{"line":358,"column":9},"end":{"line":435,"column":9}},"type":"binary-expr","locations":[{"start":{"line":358,"column":9},"end":{"line":358,"column":34}},{"start":{"line":359,"column":10},"end":{"line":434,"column":16}}],"line":358}},"s":{"0":0,"1":0,"2":0,"3":0,"4":0,"5":0,"6":0,"7":0,"8":0,"9":0,"10":0,"11":0,"12":0,"13":0,"14":0,"15":0,"16":0,"17":0,"18":0,"19":0,"20":0,"21":0,"22":0,"23":0,"24":0,"25":0,"26":0,"27":0,"28":0,"29":0,"30":0,"31":0,"32":0,"33":0,"34":0,"35":0,"36":0},"f":{"0":0,"1":0,"2":0,"3":0,"4":0,"5":0,"6":0,"7":0,"8":0,"9":0,"10":0,"11":0,"12":0,"13":0,"14":0,"15":0,"16":0},"b":{"0":[0,0,0],"1":[0,0],"2":[0,0],"3":[0,0],"4":[0,0],"5":[0,0],"6":[0,0],"7":[0,0],"8":[0,0],"9":[0,0],"10":[0,0],"11":[0,0],"12":[0,0]}}
,"/home/dileep-reddy/smartcloudops-ai/frontend/src/pages/Auth/Login.tsx": {"path":"/home/dileep-reddy/smartcloudops-ai/frontend/src/pages/Auth/Login.tsx","statementMap":{"0":{"start":{"line":5,"column":24},"end":{"line":108,"column":1}},"1":{"start":{"line":6,"column":34},"end":{"line":6,"column":46}},"2":{"start":{"line":7,"column":34},"end":{"line":7,"column":46}},"3":{"start":{"line":8,"column":42},"end":{"line":8,"column":57}},"4":{"start":{"line":9,"column":20},"end":{"line":9,"column":29}},"5":{"start":{"line":11,"column":23},"end":{"line":17,"column":3}},"6":{"start":{"line":12,"column":4},"end":{"line":12,"column":23}},"7":{"start":{"line":13,"column":4},"end":{"line":15,"column":5}},"8":{"start":{"line":14,"column":6},"end":{"line":14,"column":13}},"9":{"start":{"line":16,"column":4},"end":{"line":16,"column":36}},"10":{"start":{"line":19,"column":2},"end":{"line":107,"column":4}},"11":{"start":{"line":59,"column":33},"end":{"line":59,"column":60}},"12":{"start":{"line":74,"column":33},"end":{"line":74,"column":60}},"13":{"start":{"line":79,"column":31},"end":{"line":79,"column":61}}},"fnMap":{"0":{"name":"(anonymous_0)","decl":{"start":{"line":5,"column":24},"end":{"line":5,"column":25}},"loc":{"start":{"line":5,"column":30},"end":{"line":108,"column":1}},"line":5},"1":{"name":"(anonymous_1)","decl":{"start":{"line":11,"column":23},"end":{"line":11,"column":24}},"loc":{"start":{"line":11,"column":53},"end":{"line":17,"column":3}},"line":11},"2":{"name":"(anonymous_2)","decl":{"start":{"line":59,"column":26},"end":{"line":59,"column":27}},"loc":{"start":{"line":59,"column":33},"end":{"line":59,"column":60}},"line":59},"3":{"name":"(anonymous_3)","decl":{"start":{"line":74,"column":26},"end":{"line":74,"column":27}},"loc":{"start":{"line":74,"column":33},"end":{"line":74,"column":60}},"line":74},"4":{"name":"(anonymous_4)","decl":{"start":{"line":79,"column":25},"end":{"line":79,"column":26}},"loc":{"start":{"line":79,"column":31},"end":{"line":79,"column":61}},"line":79}},"branchMap":{"0":{"loc":{"start":{"line":13,"column":4},"end":{"line":15,"column":5}},"type":"if","locations":[{"start":{"line":13,"column":4},"end":{"line":15,"column":5}},{"start":{},"end":{}}],"line":13},"1":{"loc":{"start":{"line":13,"column":8},"end":{"line":13,"column":30}},"type":"binary-expr","locations":[{"start":{"line":13,"column":8},"end":{"line":13,"column":17}},{"start":{"line":13,"column":21},"end":{"line":13,"column":30}}],"line":13},"2":{"loc":{"start":{"line":69,"column":22},"end":{"line":69,"column":56}},"type":"cond-expr","locations":[{"start":{"line":69,"column":37},"end":{"line":69,"column":43}},{"start":{"line":69,"column":46},"end":{"line":69,"column":56}}],"line":69},"3":{"loc":{"start":{"line":81,"column":17},"end":{"line":85,"column":17}},"type":"cond-expr","locations":[{"start":{"line":82,"column":18},"end":{"line":82,"column":68}},{"start":{"line":84,"column":18},"end":{"line":84,"column":63}}],"line":81}},"s":{"0":0,"1":0,"2":0,"3":0,"4":0,"5":0,"6":0,"7":0,"8":0,"9":0,"10":0,"11":0,"12":0,"13":0},"f":{"0":0,"1":0,"2":0,"3":0,"4":0},"b":{"0":[0,0],"1":[0,0],"2":[0,0],"3":[0,0]}}
,"/home/dileep-reddy/smartcloudops-ai/frontend/src/pages/ChatOps/ChatOps.tsx": {"path":"/home/dileep-reddy/smartcloudops-ai/frontend/src/pages/ChatOps/ChatOps.tsx","statementMap":{"0":{"start":{"line":22,"column":26},"end":{"line":262,"column":1}},"1":{"start":{"line":23,"column":32},"end":{"line":23,"column":44}},"2":{"start":{"line":24,"column":34},"end":{"line":24,"column":61}},"3":{"start":{"line":25,"column":42},"end":{"line":25,"column":57}},"4":{"start":{"line":26,"column":25},"end":{"line":26,"column":53}},"5":{"start":{"line":27,"column":22},"end":{"line":27,"column":38}},"6":{"start":{"line":29,"column":64},"end":{"line":32,"column":3}},"7":{"start":{"line":34,"column":62},"end":{"line":37,"column":3}},"8":{"start":{"line":36,"column":10},"end":{"line":36,"column":42}},"9":{"start":{"line":39,"column":33},"end":{"line":70,"column":3}},"10":{"start":{"line":40,"column":25},"end":{"line":40,"column":66}},"11":{"start":{"line":43,"column":46},"end":{"line":50,"column":9}},"12":{"start":{"line":51,"column":8},"end":{"line":51,"column":57}},"13":{"start":{"line":51,"column":28},"end":{"line":51,"column":55}},"14":{"start":{"line":52,"column":8},"end":{"line":52,"column":31}},"15":{"start":{"line":53,"column":8},"end":{"line":53,"column":57}},"16":{"start":{"line":54,"column":8},"end":{"line":54,"column":60}},"17":{"start":{"line":55,"column":8},"end":{"line":55,"column":55}},"18":{"start":{"line":58,"column":46},"end":{"line":64,"column":9}},"19":{"start":{"line":65,"column":8},"end":{"line":65,"column":57}},"20":{"start":{"line":65,"column":28},"end":{"line":65,"column":55}},"21":{"start":{"line":66,"column":8},"end":{"line":66,"column":31}},"22":{"start":{"line":67,"column":8},"end":{"line":67,"column":49}},"23":{"start":{"line":72,"column":25},"end":{"line":74,"column":3}},"24":{"start":{"line":73,"column":4},"end":{"line":73,"column":67}},"25":{"start":{"line":76,"column":2},"end":{"line":78,"column":17}},"26":{"start":{"line":77,"column":4},"end":{"line":77,"column":21}},"27":{"start":{"line":80,"column":23},"end":{"line":95,"column":3}},"28":{"start":{"line":81,"column":4},"end":{"line":81,"column":23}},"29":{"start":{"line":82,"column":4},"end":{"line":82,"column":48}},"30":{"start":{"line":82,"column":41},"end":{"line":82,"column":48}},"31":{"start":{"line":84,"column":37},"end":{"line":89,"column":5}},"32":{"start":{"line":91,"column":4},"end":{"line":91,"column":48}},"33":{"start":{"line":91,"column":24},"end":{"line":91,"column":46}},"34":{"start":{"line":92,"column":4},"end":{"line":92,"column":26}},"35":{"start":{"line":93,"column":4},"end":{"line":93,"column":43}},"36":{"start":{"line":94,"column":4},"end":{"line":94,"column":19}},"37":{"start":{"line":97,"column":29},"end":{"line":99,"column":3}},"38":{"start":{"line":98,"column":4},"end":{"line":98,"column":29}},"39":{"start":{"line":101,"column":24},"end":{"line":108,"column":3}},"40":{"start":{"line":110,"column":2},"end":{"line":116,"column":3}},"41":{"start":{"line":111,"column":4},"end":{"line":115,"column":6}},"42":{"start":{"line":118,"column":2},"end":{"line":261,"column":4}},"43":{"start":{"line":137,"column":14},"end":{"line":144,"column":23}},"44":{"start":{"line":139,"column":31},"end":{"line":139,"column":63}},"45":{"start":{"line":159,"column":12},"end":{"line":199,"column":18}},"46":{"start":{"line":223,"column":33},"end":{"line":223,"column":59}},"47":{"start":{"line":247,"column":14},"end":{"line":255,"column":20}}},"fnMap":{"0":{"name":"(anonymous_0)","decl":{"start":{"line":22,"column":26},"end":{"line":22,"column":27}},"loc":{"start":{"line":22,"column":32},"end":{"line":262,"column":1}},"line":22},"1":{"name":"(anonymous_1)","decl":{"start":{"line":36,"column":4},"end":{"line":36,"column":5}},"loc":{"start":{"line":36,"column":10},"end":{"line":36,"column":42}},"line":36},"2":{"name":"(anonymous_2)","decl":{"start":{"line":40,"column":4},"end":{"line":40,"column":5}},"loc":{"start":{"line":40,"column":25},"end":{"line":40,"column":66}},"line":40},"3":{"name":"(anonymous_3)","decl":{"start":{"line":42,"column":17},"end":{"line":42,"column":18}},"loc":{"start":{"line":42,"column":27},"end":{"line":56,"column":7}},"line":42},"4":{"name":"(anonymous_4)","decl":{"start":{"line":51,"column":20},"end":{"line":51,"column":21}},"loc":{"start":{"line":51,"column":28},"end":{"line":51,"column":55}},"line":51},"5":{"name":"(anonymous_5)","decl":{"start":{"line":57,"column":15},"end":{"line":57,"column":16}},"loc":{"start":{"line":57,"column":31},"end":{"line":68,"column":7}},"line":57},"6":{"name":"(anonymous_6)","decl":{"start":{"line":65,"column":20},"end":{"line":65,"column":21}},"loc":{"start":{"line":65,"column":28},"end":{"line":65,"column":55}},"line":65},"7":{"name":"(anonymous_7)","decl":{"start":{"line":72,"column":25},"end":{"line":72,"column":26}},"loc":{"start":{"line":72,"column":31},"end":{"line":74,"column":3}},"line":72},"8":{"name":"(anonymous_8)","decl":{"start":{"line":76,"column":12},"end":{"line":76,"column":13}},"loc":{"start":{"line":76,"column":18},"end":{"line":78,"column":3}},"line":76},"9":{"name":"(anonymous_9)","decl":{"start":{"line":80,"column":23},"end":{"line":80,"column":24}},"loc":{"start":{"line":80,"column":53},"end":{"line":95,"column":3}},"line":80},"10":{"name":"(anonymous_10)","decl":{"start":{"line":91,"column":16},"end":{"line":91,"column":17}},"loc":{"start":{"line":91,"column":24},"end":{"line":91,"column":46}},"line":91},"11":{"name":"(anonymous_11)","decl":{"start":{"line":97,"column":29},"end":{"line":97,"column":30}},"loc":{"start":{"line":97,"column":55},"end":{"line":99,"column":3}},"line":97},"12":{"name":"(anonymous_12)","decl":{"start":{"line":136,"column":31},"end":{"line":136,"column":32}},"loc":{"start":{"line":137,"column":14},"end":{"line":144,"column":23}},"line":137},"13":{"name":"(anonymous_13)","decl":{"start":{"line":139,"column":25},"end":{"line":139,"column":26}},"loc":{"start":{"line":139,"column":31},"end":{"line":139,"column":63}},"line":139},"14":{"name":"(anonymous_14)","decl":{"start":{"line":158,"column":24},"end":{"line":158,"column":25}},"loc":{"start":{"line":159,"column":12},"end":{"line":199,"column":18}},"line":159},"15":{"name":"(anonymous_15)","decl":{"start":{"line":223,"column":26},"end":{"line":223,"column":27}},"loc":{"start":{"line":223,"column":33},"end":{"line":223,"column":59}},"line":223},"16":{"name":"(anonymous_16)","decl":{"start":{"line":246,"column":43},"end":{"line":246,"column":44}},"loc":{"start":{"line":247,"column":14},"end":{"line":255,"column":20}},"line":247}},"branchMap":{"0":{"loc":{"start":{"line":46,"column":19},"end":{"line":46,"column":68}},"type":"binary-expr","locations":[{"start":{"line":46,"column":19},"end":{"line":46,"column":32}},{"start":{"line":46,"column":36},"end":{"line":46,"column":68}}],"line":46},"1":{"loc":{"start":{"line":61,"column":19},"end":{"line":61,"column":77}},"type":"binary-expr","locations":[{"start":{"line":61,"column":19},"end":{"line":61,"column":46}},{"start":{"line":61,"column":50},"end":{"line":61,"column":77}}],"line":61},"2":{"loc":{"start":{"line":82,"column":4},"end":{"line":82,"column":48}},"type":"if","locations":[{"start":{"line":82,"column":4},"end":{"line":82,"column":48}},{"start":{},"end":{}}],"line":82},"3":{"loc":{"start":{"line":82,"column":8},"end":{"line":82,"column":39}},"type":"binary-expr","locations":[{"start":{"line":82,"column":8},"end":{"line":82,"column":23}},{"start":{"line":82,"column":27},"end":{"line":82,"column":39}}],"line":82},"4":{"loc":{"start":{"line":110,"column":2},"end":{"line":116,"column":3}},"type":"if","locations":[{"start":{"line":110,"column":2},"end":{"line":116,"column":3}},{"start":{},"end":{}}],"line":110},"5":{"loc":{"start":{"line":110,"column":6},"end":{"line":110,"column":38}},"type":"binary-expr","locations":[{"start":{"line":110,"column":6},"end":{"line":110,"column":20}},{"start":{"line":110,"column":24},"end":{"line":110,"column":38}}],"line":110},"6":{"loc":{"start":{"line":151,"column":11},"end":{"line":156,"column":11}},"type":"binary-expr","locations":[{"start":{"line":151,"column":11},"end":{"line":151,"column":32}},{"start":{"line":152,"column":12},"end":{"line":155,"column":18}}],"line":151},"7":{"loc":{"start":{"line":161,"column":33},"end":{"line":161,"column":90}},"type":"cond-expr","locations":[{"start":{"line":161,"column":59},"end":{"line":161,"column":72}},{"start":{"line":161,"column":75},"end":{"line":161,"column":90}}],"line":161},"8":{"loc":{"start":{"line":165,"column":18},"end":{"line":167,"column":49}},"type":"cond-expr","locations":[{"start":{"line":166,"column":22},"end":{"line":166,"column":48}},{"start":{"line":167,"column":22},"end":{"line":167,"column":49}}],"line":165},"9":{"loc":{"start":{"line":173,"column":21},"end":{"line":181,"column":21}},"type":"binary-expr","locations":[{"start":{"line":173,"column":21},"end":{"line":173,"column":37}},{"start":{"line":174,"column":22},"end":{"line":180,"column":28}}],"line":173},"10":{"loc":{"start":{"line":177,"column":25},"end":{"line":179,"column":25}},"type":"binary-expr","locations":[{"start":{"line":177,"column":25},"end":{"line":177,"column":50}},{"start":{"line":178,"column":26},"end":{"line":178,"column":98}}],"line":177},"11":{"loc":{"start":{"line":183,"column":19},"end":{"line":193,"column":19}},"type":"binary-expr","locations":[{"start":{"line":183,"column":19},"end":{"line":183,"column":33}},{"start":{"line":184,"column":20},"end":{"line":192,"column":26}}],"line":183},"12":{"loc":{"start":{"line":185,"column":23},"end":{"line":191,"column":23}},"type":"cond-expr","locations":[{"start":{"line":186,"column":24},"end":{"line":186,"column":78}},{"start":{"line":187,"column":26},"end":{"line":191,"column":23}}],"line":185},"13":{"loc":{"start":{"line":187,"column":26},"end":{"line":191,"column":23}},"type":"cond-expr","locations":[{"start":{"line":188,"column":24},"end":{"line":188,"column":72}},{"start":{"line":190,"column":24},"end":{"line":190,"column":52}}],"line":187},"14":{"loc":{"start":{"line":202,"column":11},"end":{"line":211,"column":11}},"type":"binary-expr","locations":[{"start":{"line":202,"column":11},"end":{"line":202,"column":23}},{"start":{"line":203,"column":12},"end":{"line":210,"column":18}}],"line":202},"15":{"loc":{"start":{"line":231,"column":24},"end":{"line":231,"column":55}},"type":"binary-expr","locations":[{"start":{"line":231,"column":24},"end":{"line":231,"column":39}},{"start":{"line":231,"column":43},"end":{"line":231,"column":55}}],"line":231},"16":{"loc":{"start":{"line":242,"column":7},"end":{"line":259,"column":7}},"type":"binary-expr","locations":[{"start":{"line":242,"column":7},"end":{"line":242,"column":23}},{"start":{"line":243,"column":8},"end":{"line":258,"column":14}}],"line":242}},"s":{"0":0,"1":0,"2":0,"3":0,"4":0,"5":0,"6":0,"7":0,"8":0,"9":0,"10":0,"11":0,"12":0,"13":0,"14":0,"15":0,"16":0,"17":0,"18":0,"19":0,"20":0,"21":0,"22":0,"23":0,"24":0,"25":0,"26":0,"27":0,"28":0,"29":0,"30":0,"31":0,"32":0,"33":0,"34":0,"35":0,"36":0,"37":0,"38":0,"39":0,"40":0,"41":0,"42":0,"43":0,"44":0,"45":0,"46":0,"47":0},"f":{"0":0,"1":0,"2":0,"3":0,"4":0,"5":0,"6":0,"7":0,"8":0,"9":0,"10":0,"11":0,"12":0,"13":0,"14":0,"15":0,"16":0},"b":{"0":[0,0],"1":[0,0],"2":[0,0],"3":[0,0],"4":[0,0],"5":[0,0],"6":[0,0],"7":[0,0],"8":[0,0],"9":[0,0],"10":[0,0],"11":[0,0],"12":[0,0],"13":[0,0],"14":[0,0],"15":[0,0],"16":[0,0]}}
,"/home/dileep-reddy/smartcloudops-ai/frontend/src/pages/Dashboard/Dashboard.tsx": {"path":"/home/dileep-reddy/smartcloudops-ai/frontend/src/pages/Dashboard/Dashboard.tsx","statementMap":{"0":{"start":{"line":12,"column":28},"end":{"line":179,"column":1}},"1":{"start":{"line":18,"column":6},"end":{"line":26,"column":3}},"2":{"start":{"line":33,"column":6},"end":{"line":41,"column":3}},"3":{"start":{"line":48,"column":6},"end":{"line":56,"column":3}},"4":{"start":{"line":59,"column":2},"end":{"line":65,"column":3}},"5":{"start":{"line":60,"column":4},"end":{"line":64,"column":6}},"6":{"start":{"line":68,"column":2},"end":{"line":92,"column":3}},"7":{"start":{"line":69,"column":4},"end":{"line":91,"column":6}},"8":{"start":{"line":81,"column":14},"end":{"line":81,"column":30}},"9":{"start":{"line":82,"column":14},"end":{"line":82,"column":31}},"10":{"start":{"line":83,"column":14},"end":{"line":83,"column":31}},"11":{"start":{"line":94,"column":16},"end":{"line":123,"column":3}},"12":{"start":{"line":125,"column":2},"end":{"line":178,"column":4}},"13":{"start":{"line":139,"column":14},"end":{"line":139,"column":30}},"14":{"start":{"line":140,"column":14},"end":{"line":140,"column":31}},"15":{"start":{"line":141,"column":14},"end":{"line":141,"column":31}},"16":{"start":{"line":154,"column":12},"end":{"line":171,"column":18}}},"fnMap":{"0":{"name":"(anonymous_0)","decl":{"start":{"line":12,"column":28},"end":{"line":12,"column":29}},"loc":{"start":{"line":12,"column":34},"end":{"line":179,"column":1}},"line":12},"1":{"name":"(anonymous_1)","decl":{"start":{"line":80,"column":21},"end":{"line":80,"column":22}},"loc":{"start":{"line":80,"column":27},"end":{"line":84,"column":13}},"line":80},"2":{"name":"(anonymous_2)","decl":{"start":{"line":138,"column":21},"end":{"line":138,"column":22}},"loc":{"start":{"line":138,"column":27},"end":{"line":142,"column":13}},"line":138},"3":{"name":"(anonymous_3)","decl":{"start":{"line":153,"column":21},"end":{"line":153,"column":22}},"loc":{"start":{"line":154,"column":12},"end":{"line":171,"column":18}},"line":154}},"branchMap":{"0":{"loc":{"start":{"line":59,"column":2},"end":{"line":65,"column":3}},"type":"if","locations":[{"start":{"line":59,"column":2},"end":{"line":65,"column":3}},{"start":{},"end":{}}],"line":59},"1":{"loc":{"start":{"line":59,"column":6},"end":{"line":59,"column":55}},"type":"binary-expr","locations":[{"start":{"line":59,"column":6},"end":{"line":59,"column":19}},{"start":{"line":59,"column":23},"end":{"line":59,"column":37}},{"start":{"line":59,"column":41},"end":{"line":59,"column":55}}],"line":59},"2":{"loc":{"start":{"line":68,"column":2},"end":{"line":92,"column":3}},"type":"if","locations":[{"start":{"line":68,"column":2},"end":{"line":92,"column":3}},{"start":{},"end":{}}],"line":68},"3":{"loc":{"start":{"line":68,"column":6},"end":{"line":68,"column":49}},"type":"binary-expr","locations":[{"start":{"line":68,"column":6},"end":{"line":68,"column":17}},{"start":{"line":68,"column":21},"end":{"line":68,"column":33}},{"start":{"line":68,"column":37},"end":{"line":68,"column":49}}],"line":68},"4":{"loc":{"start":{"line":97,"column":13},"end":{"line":97,"column":40}},"type":"binary-expr","locations":[{"start":{"line":97,"column":13},"end":{"line":97,"column":27}},{"start":{"line":97,"column":31},"end":{"line":97,"column":40}}],"line":97},"5":{"loc":{"start":{"line":99,"column":13},"end":{"line":99,"column":77}},"type":"cond-expr","locations":[{"start":{"line":99,"column":44},"end":{"line":99,"column":60}},{"start":{"line":99,"column":63},"end":{"line":99,"column":77}}],"line":99},"6":{"loc":{"start":{"line":100,"column":15},"end":{"line":100,"column":73}},"type":"cond-expr","locations":[{"start":{"line":100,"column":46},"end":{"line":100,"column":59}},{"start":{"line":100,"column":62},"end":{"line":100,"column":73}}],"line":100},"7":{"loc":{"start":{"line":104,"column":16},"end":{"line":104,"column":39}},"type":"binary-expr","locations":[{"start":{"line":104,"column":16},"end":{"line":104,"column":34}},{"start":{"line":104,"column":38},"end":{"line":104,"column":39}}],"line":104},"8":{"loc":{"start":{"line":111,"column":16},"end":{"line":111,"column":42}},"type":"binary-expr","locations":[{"start":{"line":111,"column":16},"end":{"line":111,"column":37}},{"start":{"line":111,"column":41},"end":{"line":111,"column":42}}],"line":111},"9":{"loc":{"start":{"line":118,"column":13},"end":{"line":118,"column":40}},"type":"binary-expr","locations":[{"start":{"line":118,"column":13},"end":{"line":118,"column":35}},{"start":{"line":118,"column":39},"end":{"line":118,"column":40}}],"line":118}},"s":{"0":0,"1":0,"2":0,"3":0,"4":0,"5":0,"6":0,"7":0,"8":0,"9":0,"10":0,"11":0,"12":0,"13":0,"14":0,"15":0,"16":0},"f":{"0":0,"1":0,"2":0,"3":0},"b":{"0":[0,0],"1":[0,0,0],"2":[0,0],"3":[0,0,0],"4":[0,0],"5":[0,0],"6":[0,0],"7":[0,0],"8":[0,0],"9":[0,0]}}
,"/home/dileep-reddy/smartcloudops-ai/frontend/src/pages/Monitoring/Monitoring.tsx": {"path":"/home/dileep-reddy/smartcloudops-ai/frontend/src/pages/Monitoring/Monitoring.tsx","statementMap":{"0":{"start":{"line":13,"column":29},"end":{"line":331,"column":1}},"1":{"start":{"line":14,"column":36},"end":{"line":14,"column":55}},"2":{"start":{"line":16,"column":49},"end":{"line":20,"column":3}},"3":{"start":{"line":22,"column":69},"end":{"line":26,"column":3}},"4":{"start":{"line":28,"column":69},"end":{"line":32,"column":3}},"5":{"start":{"line":34,"column":57},"end":{"line":38,"column":3}},"6":{"start":{"line":40,"column":15},"end":{"line":45,"column":3}},"7":{"start":{"line":47,"column":20},"end":{"line":47,"column":94}},"8":{"start":{"line":49,"column":2},"end":{"line":55,"column":3}},"9":{"start":{"line":50,"column":4},"end":{"line":54,"column":6}},"10":{"start":{"line":57,"column":2},"end":{"line":330,"column":4}},"11":{"start":{"line":74,"column":12},"end":{"line":85,"column":21}},"12":{"start":{"line":76,"column":29},"end":{"line":76,"column":49}},"13":{"start":{"line":152,"column":18},"end":{"line":162,"column":24}},"14":{"start":{"line":231,"column":22},"end":{"line":247,"column":27}}},"fnMap":{"0":{"name":"(anonymous_0)","decl":{"start":{"line":13,"column":29},"end":{"line":13,"column":30}},"loc":{"start":{"line":13,"column":35},"end":{"line":331,"column":1}},"line":13},"1":{"name":"(anonymous_1)","decl":{"start":{"line":73,"column":20},"end":{"line":73,"column":21}},"loc":{"start":{"line":74,"column":12},"end":{"line":85,"column":21}},"line":74},"2":{"name":"(anonymous_2)","decl":{"start":{"line":76,"column":23},"end":{"line":76,"column":24}},"loc":{"start":{"line":76,"column":29},"end":{"line":76,"column":49}},"line":76},"3":{"name":"(anonymous_3)","decl":{"start":{"line":151,"column":33},"end":{"line":151,"column":34}},"loc":{"start":{"line":152,"column":18},"end":{"line":162,"column":24}},"line":152},"4":{"name":"(anonymous_4)","decl":{"start":{"line":230,"column":60},"end":{"line":230,"column":61}},"loc":{"start":{"line":231,"column":22},"end":{"line":247,"column":27}},"line":231}},"branchMap":{"0":{"loc":{"start":{"line":47,"column":20},"end":{"line":47,"column":94}},"type":"binary-expr","locations":[{"start":{"line":47,"column":20},"end":{"line":47,"column":31}},{"start":{"line":47,"column":35},"end":{"line":47,"column":53}},{"start":{"line":47,"column":57},"end":{"line":47,"column":75}},{"start":{"line":47,"column":79},"end":{"line":47,"column":94}}],"line":47},"1":{"loc":{"start":{"line":49,"column":2},"end":{"line":55,"column":3}},"type":"if","locations":[{"start":{"line":49,"column":2},"end":{"line":55,"column":3}},{"start":{},"end":{}}],"line":49},"2":{"loc":{"start":{"line":78,"column":16},"end":{"line":80,"column":96}},"type":"cond-expr","locations":[{"start":{"line":79,"column":20},"end":{"line":79,"column":55}},{"start":{"line":80,"column":20},"end":{"line":80,"column":96}}],"line":78},"3":{"loc":{"start":{"line":92,"column":9},"end":{"line":142,"column":9}},"type":"binary-expr","locations":[{"start":{"line":92,"column":9},"end":{"line":92,"column":32}},{"start":{"line":93,"column":10},"end":{"line":141,"column":16}}],"line":92},"4":{"loc":{"start":{"line":102,"column":23},"end":{"line":102,"column":47}},"type":"binary-expr","locations":[{"start":{"line":102,"column":23},"end":{"line":102,"column":42}},{"start":{"line":102,"column":46},"end":{"line":102,"column":47}}],"line":102},"5":{"loc":{"start":{"line":113,"column":23},"end":{"line":113,"column":50}},"type":"binary-expr","locations":[{"start":{"line":113,"column":23},"end":{"line":113,"column":45}},{"start":{"line":113,"column":49},"end":{"line":113,"column":50}}],"line":113},"6":{"loc":{"start":{"line":124,"column":23},"end":{"line":124,"column":48}},"type":"binary-expr","locations":[{"start":{"line":124,"column":23},"end":{"line":124,"column":43}},{"start":{"line":124,"column":47},"end":{"line":124,"column":48}}],"line":124},"7":{"loc":{"start":{"line":135,"column":23},"end":{"line":135,"column":48}},"type":"binary-expr","locations":[{"start":{"line":135,"column":23},"end":{"line":135,"column":43}},{"start":{"line":135,"column":47},"end":{"line":135,"column":48}}],"line":135},"8":{"loc":{"start":{"line":144,"column":9},"end":{"line":169,"column":9}},"type":"binary-expr","locations":[{"start":{"line":144,"column":9},"end":{"line":144,"column":29}},{"start":{"line":145,"column":10},"end":{"line":168,"column":16}}],"line":144},"9":{"loc":{"start":{"line":151,"column":17},"end":{"line":165,"column":17}},"type":"binary-expr","locations":[{"start":{"line":151,"column":17},"end":{"line":163,"column":18}},{"start":{"line":164,"column":18},"end":{"line":164,"column":72}}],"line":151},"10":{"loc":{"start":{"line":155,"column":22},"end":{"line":157,"column":79}},"type":"cond-expr","locations":[{"start":{"line":155,"column":46},"end":{"line":155,"column":60}},{"start":{"line":156,"column":22},"end":{"line":157,"column":79}}],"line":155},"11":{"loc":{"start":{"line":156,"column":22},"end":{"line":157,"column":79}},"type":"cond-expr","locations":[{"start":{"line":156,"column":48},"end":{"line":156,"column":65}},{"start":{"line":157,"column":22},"end":{"line":157,"column":79}}],"line":156},"12":{"loc":{"start":{"line":157,"column":22},"end":{"line":157,"column":79}},"type":"cond-expr","locations":[{"start":{"line":157,"column":45},"end":{"line":157,"column":60}},{"start":{"line":157,"column":63},"end":{"line":157,"column":79}}],"line":157},"13":{"loc":{"start":{"line":171,"column":9},"end":{"line":260,"column":9}},"type":"binary-expr","locations":[{"start":{"line":171,"column":9},"end":{"line":171,"column":36}},{"start":{"line":172,"column":10},"end":{"line":259,"column":16}}],"line":171},"14":{"loc":{"start":{"line":182,"column":25},"end":{"line":182,"column":61}},"type":"binary-expr","locations":[{"start":{"line":182,"column":25},"end":{"line":182,"column":56}},{"start":{"line":182,"column":60},"end":{"line":182,"column":61}}],"line":182},"15":{"loc":{"start":{"line":193,"column":25},"end":{"line":193,"column":66}},"type":"binary-expr","locations":[{"start":{"line":193,"column":25},"end":{"line":193,"column":61}},{"start":{"line":193,"column":65},"end":{"line":193,"column":66}}],"line":193},"16":{"loc":{"start":{"line":204,"column":25},"end":{"line":204,"column":63}},"type":"binary-expr","locations":[{"start":{"line":204,"column":25},"end":{"line":204,"column":58}},{"start":{"line":204,"column":62},"end":{"line":204,"column":63}}],"line":204},"17":{"loc":{"start":{"line":230,"column":21},"end":{"line":254,"column":21}},"type":"binary-expr","locations":[{"start":{"line":230,"column":21},"end":{"line":248,"column":22}},{"start":{"line":249,"column":22},"end":{"line":253,"column":27}}],"line":230},"18":{"loc":{"start":{"line":237,"column":28},"end":{"line":239,"column":59}},"type":"cond-expr","locations":[{"start":{"line":237,"column":58},"end":{"line":237,"column":87}},{"start":{"line":238,"column":28},"end":{"line":239,"column":59}}],"line":237},"19":{"loc":{"start":{"line":238,"column":28},"end":{"line":239,"column":59}},"type":"cond-expr","locations":[{"start":{"line":238,"column":57},"end":{"line":238,"column":82}},{"start":{"line":239,"column":28},"end":{"line":239,"column":59}}],"line":238},"20":{"loc":{"start":{"line":262,"column":9},"end":{"line":327,"column":9}},"type":"binary-expr","locations":[{"start":{"line":262,"column":9},"end":{"line":262,"column":36}},{"start":{"line":263,"column":10},"end":{"line":326,"column":16}}],"line":262},"21":{"loc":{"start":{"line":270,"column":20},"end":{"line":270,"column":105}},"type":"cond-expr","locations":[{"start":{"line":270,"column":76},"end":{"line":270,"column":90}},{"start":{"line":270,"column":93},"end":{"line":270,"column":105}}],"line":270},"22":{"loc":{"start":{"line":273,"column":21},"end":{"line":273,"column":76}},"type":"binary-expr","locations":[{"start":{"line":273,"column":21},"end":{"line":273,"column":58}},{"start":{"line":273,"column":62},"end":{"line":273,"column":76}}],"line":273},"23":{"loc":{"start":{"line":277,"column":19},"end":{"line":277,"column":86}},"type":"binary-expr","locations":[{"start":{"line":277,"column":19},"end":{"line":277,"column":58}},{"start":{"line":277,"column":62},"end":{"line":277,"column":86}}],"line":277},"24":{"loc":{"start":{"line":285,"column":20},"end":{"line":285,"column":102}},"type":"cond-expr","locations":[{"start":{"line":285,"column":73},"end":{"line":285,"column":87}},{"start":{"line":285,"column":90},"end":{"line":285,"column":102}}],"line":285},"25":{"loc":{"start":{"line":288,"column":21},"end":{"line":288,"column":73}},"type":"binary-expr","locations":[{"start":{"line":288,"column":21},"end":{"line":288,"column":55}},{"start":{"line":288,"column":59},"end":{"line":288,"column":73}}],"line":288},"26":{"loc":{"start":{"line":292,"column":19},"end":{"line":292,"column":83}},"type":"binary-expr","locations":[{"start":{"line":292,"column":19},"end":{"line":292,"column":55}},{"start":{"line":292,"column":59},"end":{"line":292,"column":83}}],"line":292},"27":{"loc":{"start":{"line":300,"column":20},"end":{"line":300,"column":98}},"type":"cond-expr","locations":[{"start":{"line":300,"column":69},"end":{"line":300,"column":83}},{"start":{"line":300,"column":86},"end":{"line":300,"column":98}}],"line":300},"28":{"loc":{"start":{"line":303,"column":21},"end":{"line":303,"column":69}},"type":"binary-expr","locations":[{"start":{"line":303,"column":21},"end":{"line":303,"column":51}},{"start":{"line":303,"column":55},"end":{"line":303,"column":69}}],"line":303},"29":{"loc":{"start":{"line":307,"column":19},"end":{"line":307,"column":75}},"type":"binary-expr","locations":[{"start":{"line":307,"column":19},"end":{"line":307,"column":49}},{"start":{"line":307,"column":53},"end":{"line":307,"column":75}}],"line":307},"30":{"loc":{"start":{"line":315,"column":20},"end":{"line":315,"column":82}},"type":"cond-expr","locations":[{"start":{"line":315,"column":53},"end":{"line":315,"column":67}},{"start":{"line":315,"column":70},"end":{"line":315,"column":82}}],"line":315},"31":{"loc":{"start":{"line":318,"column":21},"end":{"line":318,"column":52}},"type":"binary-expr","locations":[{"start":{"line":318,"column":21},"end":{"line":318,"column":37}},{"start":{"line":318,"column":41},"end":{"line":318,"column":52}}],"line":318},"32":{"loc":{"start":{"line":322,"column":35},"end":{"line":322,"column":64}},"type":"binary-expr","locations":[{"start":{"line":322,"column":35},"end":{"line":322,"column":59}},{"start":{"line":322,"column":63},"end":{"line":322,"column":64}}],"line":322}},"s":{"0":0,"1":0,"2":0,"3":0,"4":0,"5":0,"6":0,"7":0,"8":0,"9":0,"10":0,"11":0,"12":0,"13":0,"14":0},"f":{"0":0,"1":0,"2":0,"3":0,"4":0},"b":{"0":[0,0,0,0],"1":[0,0],"2":[0,0],"3":[0,0],"4":[0,0],"5":[0,0],"6":[0,0],"7":[0,0],"8":[0,0],"9":[0,0],"10":[0,0],"11":[0,0],"12":[0,0],"13":[0,0],"14":[0,0],"15":[0,0],"16":[0,0],"17":[0,0],"18":[0,0],"19":[0,0],"20":[0,0],"21":[0,0],"22":[0,0],"23":[0,0],"24":[0,0],"25":[0,0],"26":[0,0],"27":[0,0],"28":[0,0],"29":[0,0],"30":[0,0],"31":[0,0],"32":[0,0]}}
,"/home/dileep-reddy/smartcloudops-ai/frontend/src/services/api.ts": {"path":"/home/dileep-reddy/smartcloudops-ai/frontend/src/services/api.ts","statementMap":{"0":{"start":{"line":63,"column":4},"end":{"line":63,"column":76}},"1":{"start":{"line":65,"column":4},"end":{"line":71,"column":7}},"2":{"start":{"line":74,"column":4},"end":{"line":85,"column":6}},"3":{"start":{"line":76,"column":22},"end":{"line":76,"column":55}},"4":{"start":{"line":77,"column":8},"end":{"line":79,"column":9}},"5":{"start":{"line":78,"column":10},"end":{"line":78,"column":59}},"6":{"start":{"line":80,"column":8},"end":{"line":80,"column":22}},"7":{"start":{"line":83,"column":8},"end":{"line":83,"column":37}},"8":{"start":{"line":88,"column":4},"end":{"line":96,"column":6}},"9":{"start":{"line":90,"column":8},"end":{"line":90,"column":24}},"10":{"start":{"line":93,"column":8},"end":{"line":93,"column":35}},"11":{"start":{"line":94,"column":8},"end":{"line":94,"column":37}},"12":{"start":{"line":100,"column":4},"end":{"line":129,"column":5}},"13":{"start":{"line":101,"column":21},"end":{"line":101,"column":42}},"14":{"start":{"line":102,"column":19},"end":{"line":102,"column":45}},"15":{"start":{"line":104,"column":6},"end":{"line":124,"column":7}},"16":{"start":{"line":106,"column":10},"end":{"line":106,"column":65}},"17":{"start":{"line":108,"column":10},"end":{"line":108,"column":42}},"18":{"start":{"line":109,"column":10},"end":{"line":109,"column":16}},"19":{"start":{"line":111,"column":10},"end":{"line":111,"column":66}},"20":{"start":{"line":112,"column":10},"end":{"line":112,"column":16}},"21":{"start":{"line":114,"column":10},"end":{"line":114,"column":45}},"22":{"start":{"line":115,"column":10},"end":{"line":115,"column":16}},"23":{"start":{"line":117,"column":10},"end":{"line":117,"column":68}},"24":{"start":{"line":118,"column":10},"end":{"line":118,"column":16}},"25":{"start":{"line":120,"column":10},"end":{"line":120,"column":63}},"26":{"start":{"line":121,"column":10},"end":{"line":121,"column":16}},"27":{"start":{"line":123,"column":10},"end":{"line":123,"column":72}},"28":{"start":{"line":125,"column":11},"end":{"line":129,"column":5}},"29":{"start":{"line":126,"column":6},"end":{"line":126,"column":66}},"30":{"start":{"line":128,"column":6},"end":{"line":128,"column":51}},"31":{"start":{"line":138,"column":4},"end":{"line":147,"column":5}},"32":{"start":{"line":139,"column":23},"end":{"line":139,"column":56}},"33":{"start":{"line":140,"column":6},"end":{"line":140,"column":27}},"34":{"start":{"line":142,"column":6},"end":{"line":145,"column":7}},"35":{"start":{"line":143,"column":8},"end":{"line":143,"column":64}},"36":{"start":{"line":143,"column":37},"end":{"line":143,"column":62}},"37":{"start":{"line":144,"column":8},"end":{"line":144,"column":64}},"38":{"start":{"line":146,"column":6},"end":{"line":146,"column":18}},"39":{"start":{"line":151,"column":4},"end":{"line":155,"column":6}},"40":{"start":{"line":160,"column":4},"end":{"line":160,"column":60}},"41":{"start":{"line":164,"column":4},"end":{"line":164,"column":59}},"42":{"start":{"line":169,"column":4},"end":{"line":169,"column":62}},"43":{"start":{"line":174,"column":4},"end":{"line":174,"column":77}},"44":{"start":{"line":178,"column":4},"end":{"line":178,"column":72}},"45":{"start":{"line":183,"column":4},"end":{"line":183,"column":78}},"46":{"start":{"line":187,"column":4},"end":{"line":187,"column":62}},"47":{"start":{"line":191,"column":4},"end":{"line":191,"column":66}},"48":{"start":{"line":196,"column":4},"end":{"line":196,"column":52}},"49":{"start":{"line":201,"column":4},"end":{"line":204,"column":7}},"50":{"start":{"line":208,"column":4},"end":{"line":208,"column":41}},"51":{"start":{"line":209,"column":4},"end":{"line":209,"column":36}},"52":{"start":{"line":214,"column":4},"end":{"line":214,"column":47}},"53":{"start":{"line":218,"column":4},"end":{"line":218,"column":45}},"54":{"start":{"line":222,"column":4},"end":{"line":222,"column":45}},"55":{"start":{"line":227,"column":26},"end":{"line":227,"column":42}}},"fnMap":{"0":{"name":"(anonymous_0)","decl":{"start":{"line":62,"column":2},"end":{"line":62,"column":3}},"loc":{"start":{"line":62,"column":16},"end":{"line":97,"column":3}},"line":62},"1":{"name":"(anonymous_1)","decl":{"start":{"line":75,"column":6},"end":{"line":75,"column":7}},"loc":{"start":{"line":75,"column":18},"end":{"line":81,"column":7}},"line":75},"2":{"name":"(anonymous_2)","decl":{"start":{"line":82,"column":6},"end":{"line":82,"column":7}},"loc":{"start":{"line":82,"column":17},"end":{"line":84,"column":7}},"line":82},"3":{"name":"(anonymous_3)","decl":{"start":{"line":89,"column":6},"end":{"line":89,"column":7}},"loc":{"start":{"line":89,"column":35},"end":{"line":91,"column":7}},"line":89},"4":{"name":"(anonymous_4)","decl":{"start":{"line":92,"column":6},"end":{"line":92,"column":7}},"loc":{"start":{"line":92,"column":29},"end":{"line":95,"column":7}},"line":92},"5":{"name":"(anonymous_5)","decl":{"start":{"line":99,"column":2},"end":{"line":99,"column":3}},"loc":{"start":{"line":99,"column":50},"end":{"line":130,"column":3}},"line":99},"6":{"name":"(anonymous_6)","decl":{"start":{"line":132,"column":2},"end":{"line":132,"column":3}},"loc":{"start":{"line":137,"column":16},"end":{"line":148,"column":3}},"line":137},"7":{"name":"(anonymous_7)","decl":{"start":{"line":143,"column":26},"end":{"line":143,"column":27}},"loc":{"start":{"line":143,"column":37},"end":{"line":143,"column":62}},"line":143},"8":{"name":"(anonymous_8)","decl":{"start":{"line":150,"column":2},"end":{"line":150,"column":3}},"loc":{"start":{"line":150,"column":55},"end":{"line":156,"column":3}},"line":150},"9":{"name":"(anonymous_9)","decl":{"start":{"line":159,"column":2},"end":{"line":159,"column":3}},"loc":{"start":{"line":159,"column":43},"end":{"line":161,"column":3}},"line":159},"10":{"name":"(anonymous_10)","decl":{"start":{"line":163,"column":2},"end":{"line":163,"column":3}},"loc":{"start":{"line":163,"column":42},"end":{"line":165,"column":3}},"line":163},"11":{"name":"(anonymous_11)","decl":{"start":{"line":168,"column":2},"end":{"line":168,"column":3}},"loc":{"start":{"line":168,"column":45},"end":{"line":170,"column":3}},"line":168},"12":{"name":"(anonymous_12)","decl":{"start":{"line":173,"column":2},"end":{"line":173,"column":3}},"loc":{"start":{"line":173,"column":59},"end":{"line":175,"column":3}},"line":173},"13":{"name":"(anonymous_13)","decl":{"start":{"line":177,"column":2},"end":{"line":177,"column":3}},"loc":{"start":{"line":177,"column":69},"end":{"line":179,"column":3}},"line":177},"14":{"name":"(anonymous_14)","decl":{"start":{"line":182,"column":2},"end":{"line":182,"column":3}},"loc":{"start":{"line":182,"column":79},"end":{"line":184,"column":3}},"line":182},"15":{"name":"(anonymous_15)","decl":{"start":{"line":186,"column":2},"end":{"line":186,"column":3}},"loc":{"start":{"line":186,"column":44},"end":{"line":188,"column":3}},"line":186},"16":{"name":"(anonymous_16)","decl":{"start":{"line":190,"column":2},"end":{"line":190,"column":3}},"loc":{"start":{"line":190,"column":45},"end":{"line":192,"column":3}},"line":190},"17":{"name":"(anonymous_17)","decl":{"start":{"line":195,"column":2},"end":{"line":195,"column":3}},"loc":{"start":{"line":195,"column":35},"end":{"line":197,"column":3}},"line":195},"18":{"name":"(anonymous_18)","decl":{"start":{"line":200,"column":2},"end":{"line":200,"column":3}},"loc":{"start":{"line":200,"column":72},"end":{"line":205,"column":3}},"line":200},"19":{"name":"(anonymous_19)","decl":{"start":{"line":207,"column":2},"end":{"line":207,"column":3}},"loc":{"start":{"line":207,"column":32},"end":{"line":210,"column":3}},"line":207},"20":{"name":"(anonymous_20)","decl":{"start":{"line":213,"column":2},"end":{"line":213,"column":3}},"loc":{"start":{"line":213,"column":29},"end":{"line":215,"column":3}},"line":213},"21":{"name":"(anonymous_21)","decl":{"start":{"line":217,"column":2},"end":{"line":217,"column":3}},"loc":{"start":{"line":217,"column":32},"end":{"line":219,"column":3}},"line":217},"22":{"name":"(anonymous_22)","decl":{"start":{"line":221,"column":2},"end":{"line":221,"column":3}},"loc":{"start":{"line":221,"column":36},"end":{"line":223,"column":3}},"line":221}},"branchMap":{"0":{"loc":{"start":{"line":63,"column":19},"end":{"line":63,"column":75}},"type":"binary-expr","locations":[{"start":{"line":63,"column":19},"end":{"line":63,"column":48}},{"start":{"line":63,"column":52},"end":{"line":63,"column":75}}],"line":63},"1":{"loc":{"start":{"line":77,"column":8},"end":{"line":79,"column":9}},"type":"if","locations":[{"start":{"line":77,"column":8},"end":{"line":79,"column":9}},{"start":{},"end":{}}],"line":77},"2":{"loc":{"start":{"line":100,"column":4},"end":{"line":129,"column":5}},"type":"if","locations":[{"start":{"line":100,"column":4},"end":{"line":129,"column":5}},{"start":{"line":125,"column":11},"end":{"line":129,"column":5}}],"line":100},"3":{"loc":{"start":{"line":104,"column":6},"end":{"line":124,"column":7}},"type":"switch","locations":[{"start":{"line":105,"column":8},"end":{"line":109,"column":16}},{"start":{"line":110,"column":8},"end":{"line":112,"column":16}},{"start":{"line":113,"column":8},"end":{"line":115,"column":16}},{"start":{"line":116,"column":8},"end":{"line":118,"column":16}},{"start":{"line":119,"column":8},"end":{"line":121,"column":16}},{"start":{"line":122,"column":8},"end":{"line":123,"column":72}}],"line":104},"4":{"loc":{"start":{"line":123,"column":22},"end":{"line":123,"column":70}},"type":"binary-expr","locations":[{"start":{"line":123,"column":22},"end":{"line":123,"column":35}},{"start":{"line":123,"column":39},"end":{"line":123,"column":70}}],"line":123},"5":{"loc":{"start":{"line":125,"column":11},"end":{"line":129,"column":5}},"type":"if","locations":[{"start":{"line":125,"column":11},"end":{"line":129,"column":5}},{"start":{"line":127,"column":11},"end":{"line":129,"column":5}}],"line":125},"6":{"loc":{"start":{"line":136,"column":4},"end":{"line":136,"column":23}},"type":"default-arg","locations":[{"start":{"line":136,"column":22},"end":{"line":136,"column":23}}],"line":136},"7":{"loc":{"start":{"line":142,"column":6},"end":{"line":145,"column":7}},"type":"if","locations":[{"start":{"line":142,"column":6},"end":{"line":145,"column":7}},{"start":{},"end":{}}],"line":142},"8":{"loc":{"start":{"line":142,"column":10},"end":{"line":142,"column":67}},"type":"binary-expr","locations":[{"start":{"line":142,"column":10},"end":{"line":142,"column":21}},{"start":{"line":142,"column":25},"end":{"line":142,"column":67}}],"line":142},"9":{"loc":{"start":{"line":152,"column":6},"end":{"line":154,"column":35}},"type":"binary-expr","locations":[{"start":{"line":152,"column":6},"end":{"line":152,"column":21}},{"start":{"line":153,"column":7},"end":{"line":153,"column":35}},{"start":{"line":153,"column":39},"end":{"line":153,"column":66}},{"start":{"line":154,"column":6},"end":{"line":154,"column":35}}],"line":152}},"s":{"0":0,"1":0,"2":0,"3":0,"4":0,"5":0,"6":0,"7":0,"8":0,"9":0,"10":0,"11":0,"12":0,"13":0,"14":0,"15":0,"16":0,"17":0,"18":0,"19":0,"20":0,"21":0,"22":0,"23":0,"24":0,"25":0,"26":0,"27":0,"28":0,"29":0,"30":0,"31":0,"32":0,"33":0,"34":0,"35":0,"36":0,"37":0,"38":0,"39":0,"40":0,"41":0,"42":0,"43":0,"44":0,"45":0,"46":0,"47":0,"48":0,"49":0,"50":0,"51":0,"52":0,"53":0,"54":0,"55":0},"f":{"0":0,"1":0,"2":0,"3":0,"4":0,"5":0,"6":0,"7":0,"8":0,"9":0,"10":0,"11":0,"12":0,"13":0,"14":0,"15":0,"16":0,"17":0,"18":0,"19":0,"20":0,"21":0,"22":0},"b":{"0":[0,0],"1":[0,0],"2":[0,0],"3":[0,0,0,0,0,0],"4":[0,0],"5":[0,0],"6":[0],"7":[0,0],"8":[0,0],"9":[0,0,0,0]}}
,"/home/dileep-reddy/smartcloudops-ai/frontend/src/types/api.ts": {"path":"/home/dileep-reddy/smartcloudops-ai/frontend/src/types/api.ts","statementMap":{},"fnMap":{},"branchMap":{},"s":{},"f":{},"b":{}}
}
