TN:
SF:src/App.tsx
FN:24,App
FNF:1
FNH:0
FNDA:0,App
DA:15,0
DA:25,0
LF:2
LH:0
BRF:0
BRH:0
end_of_record
TN:
SF:src/index.tsx
FNF:0
FNH:0
DA:6,0
DA:10,0
LF:2
LH:0
BRF:0
BRH:0
end_of_record
TN:
SF:src/components/Common/ErrorBoundary.tsx
FN:15,(anonymous_0)
FN:20,(anonymous_1)
FN:24,(anonymous_2)
FN:36,(anonymous_3)
FN:49,(anonymous_4)
FN:53,(anonymous_5)
FN:92,(anonymous_6)
FNF:7
FNH:0
FNDA:0,(anonymous_0)
FNDA:0,(anonymous_1)
FNDA:0,(anonymous_2)
FNDA:0,(anonymous_3)
FNDA:0,(anonymous_4)
FNDA:0,(anonymous_5)
FNDA:0,(anonymous_6)
DA:16,0
DA:17,0
DA:21,0
DA:25,0
DA:28,0
DA:30,0
DA:36,0
DA:38,0
DA:40,0
DA:49,0
DA:50,0
DA:54,0
DA:55,0
DA:56,0
DA:59,0
DA:92,0
DA:126,0
LF:17
LH:0
BRDA:38,0,0,0
BRDA:38,0,1,0
BRDA:54,1,0,0
BRDA:54,1,1,0
BRDA:55,2,0,0
BRDA:55,2,1,0
BRDA:98,3,0,0
BRDA:98,3,1,0
BRDA:98,3,2,0
BRDA:111,4,0,0
BRDA:111,4,1,0
BRF:11
BRH:0
end_of_record
TN:
SF:src/components/Common/LoadingSpinner.tsx
FN:9,(anonymous_0)
FNF:1
FNH:0
FNDA:0,(anonymous_0)
DA:9,0
DA:14,0
DA:20,0
LF:3
LH:0
BRDA:10,0,0,0
BRDA:11,1,0,0
BRDA:12,2,0,0
BRDA:31,3,0,0
BRDA:31,3,1,0
BRF:5
BRH:0
end_of_record
TN:
SF:src/components/Layout/Header.tsx
FN:9,(anonymous_0)
FN:65,(anonymous_1)
FNF:2
FNH:0
FNDA:0,(anonymous_0)
FNDA:0,(anonymous_1)
DA:9,0
DA:10,0
DA:12,0
DA:66,0
LF:4
LH:0
BRDA:69,0,0,0
BRDA:69,0,1,0
BRF:2
BRH:0
end_of_record
TN:
SF:src/components/Layout/Layout.tsx
FN:8,(anonymous_0)
FNF:1
FNH:0
FNDA:0,(anonymous_0)
DA:8,0
DA:9,0
DA:10,0
DA:13,0
DA:14,0
DA:22,0
DA:23,0
DA:26,0
LF:8
LH:0
BRDA:13,0,0,0
BRDA:13,0,1,0
BRDA:22,1,0,0
BRDA:22,1,1,0
BRF:4
BRH:0
end_of_record
TN:
SF:src/components/Layout/Sidebar.tsx
FN:21,(anonymous_0)
FN:25,(anonymous_1)
FN:34,(anonymous_2)
FN:53,(anonymous_3)
FN:63,(anonymous_4)
FN:67,(anonymous_5)
FN:75,(anonymous_6)
FN:123,(anonymous_7)
FN:127,(anonymous_8)
FN:167,(anonymous_9)
FNF:10
FNH:0
FNDA:0,(anonymous_0)
FNDA:0,(anonymous_1)
FNDA:0,(anonymous_2)
FNDA:0,(anonymous_3)
FNDA:0,(anonymous_4)
FNDA:0,(anonymous_5)
FNDA:0,(anonymous_6)
FNDA:0,(anonymous_7)
FNDA:0,(anonymous_8)
FNDA:0,(anonymous_9)
DA:14,0
DA:21,0
DA:22,0
DA:23,0
DA:25,0
DA:27,0
DA:34,0
DA:53,0
DA:64,0
DA:68,0
DA:75,0
DA:124,0
DA:128,0
DA:167,0
LF:14
LH:0
BRDA:32,0,0,0
BRDA:32,0,1,0
BRDA:69,1,0,0
BRDA:69,1,1,0
BRDA:129,2,0,0
BRDA:129,2,1,0
BRF:6
BRH:0
end_of_record
TN:
SF:src/contexts/AuthContext.tsx
FN:43,authReducer
FN:88,AuthProvider
FN:92,(anonymous_2)
FN:93,(anonymous_3)
FN:122,(anonymous_4)
FN:152,(anonymous_5)
FN:158,(anonymous_6)
FN:172,useAuth
FNF:8
FNH:0
FNDA:0,authReducer
FNDA:0,AuthProvider
FNDA:0,(anonymous_2)
FNDA:0,(anonymous_3)
FNDA:0,(anonymous_4)
FNDA:0,(anonymous_5)
FNDA:0,(anonymous_6)
FNDA:0,useAuth
DA:34,0
DA:36,0
DA:44,0
DA:46,0
DA:51,0
DA:52,0
DA:60,0
DA:68,0
DA:69,0
DA:77,0
DA:84,0
DA:89,0
DA:90,0
DA:92,0
DA:93,0
DA:94,0
DA:95,0
DA:96,0
DA:97,0
DA:98,0
DA:109,0
DA:112,0
DA:115,0
DA:119,0
DA:122,0
DA:123,0
DA:125,0
DA:126,0
DA:127,0
DA:129,0
DA:143,0
DA:144,0
DA:146,0
DA:147,0
DA:148,0
DA:152,0
DA:153,0
DA:154,0
DA:155,0
DA:158,0
DA:159,0
DA:162,0
DA:169,0
DA:173,0
DA:174,0
DA:175,0
DA:177,0
LF:47
LH:0
BRDA:44,0,0,0
BRDA:44,0,1,0
BRDA:44,0,2,0
BRDA:44,0,3,0
BRDA:44,0,4,0
BRDA:44,0,5,0
BRDA:94,1,0,0
BRDA:94,1,1,0
BRDA:97,2,0,0
BRDA:97,2,1,0
BRDA:146,3,0,0
BRDA:146,3,1,0
BRDA:159,4,0,0
BRDA:159,4,1,0
BRDA:174,5,0,0
BRDA:174,5,1,0
BRF:16
BRH:0
end_of_record
TN:
SF:src/pages/Admin/Admin.tsx
FN:13,(anonymous_0)
FN:33,(anonymous_1)
FN:35,(anonymous_2)
FN:39,(anonymous_3)
FN:46,(anonymous_4)
FN:48,(anonymous_5)
FN:52,(anonymous_6)
FN:59,(anonymous_7)
FN:61,(anonymous_8)
FN:65,(anonymous_9)
FN:104,(anonymous_10)
FN:107,(anonymous_11)
FN:138,(anonymous_12)
FN:157,(anonymous_13)
FN:176,(anonymous_14)
FN:195,(anonymous_15)
FN:220,(anonymous_16)
FNF:17
FNH:0
FNDA:0,(anonymous_0)
FNDA:0,(anonymous_1)
FNDA:0,(anonymous_2)
FNDA:0,(anonymous_3)
FNDA:0,(anonymous_4)
FNDA:0,(anonymous_5)
FNDA:0,(anonymous_6)
FNDA:0,(anonymous_7)
FNDA:0,(anonymous_8)
FNDA:0,(anonymous_9)
FNDA:0,(anonymous_10)
FNDA:0,(anonymous_11)
FNDA:0,(anonymous_12)
FNDA:0,(anonymous_13)
FNDA:0,(anonymous_14)
FNDA:0,(anonymous_15)
FNDA:0,(anonymous_16)
DA:13,0
DA:14,0
DA:15,0
DA:17,0
DA:22,0
DA:27,0
DA:32,0
DA:33,0
DA:36,0
DA:37,0
DA:40,0
DA:45,0
DA:46,0
DA:49,0
DA:50,0
DA:53,0
DA:58,0
DA:59,0
DA:62,0
DA:63,0
DA:66,0
DA:71,0
DA:78,0
DA:80,0
DA:81,0
DA:88,0
DA:105,0
DA:107,0
DA:139,0
DA:143,0
DA:158,0
DA:162,0
DA:177,0
DA:181,0
DA:196,0
DA:200,0
DA:220,0
LF:37
LH:0
BRDA:78,0,0,0
BRDA:78,0,1,0
BRDA:78,0,2,0
BRDA:80,1,0,0
BRDA:80,1,1,0
BRDA:109,2,0,0
BRDA:109,2,1,0
BRDA:123,3,0,0
BRDA:123,3,1,0
BRDA:137,4,0,0
BRDA:137,4,1,0
BRDA:156,5,0,0
BRDA:156,5,1,0
BRDA:175,6,0,0
BRDA:175,6,1,0
BRDA:194,7,0,0
BRDA:194,7,1,0
BRDA:216,8,0,0
BRDA:216,8,1,0
BRDA:224,9,0,0
BRDA:224,9,1,0
BRDA:232,10,0,0
BRDA:232,10,1,0
BRDA:287,11,0,0
BRDA:287,11,1,0
BRDA:358,12,0,0
BRDA:358,12,1,0
BRF:27
BRH:0
end_of_record
TN:
SF:src/pages/Auth/Login.tsx
FN:5,(anonymous_0)
FN:11,(anonymous_1)
FN:59,(anonymous_2)
FN:74,(anonymous_3)
FN:79,(anonymous_4)
FNF:5
FNH:0
FNDA:0,(anonymous_0)
FNDA:0,(anonymous_1)
FNDA:0,(anonymous_2)
FNDA:0,(anonymous_3)
FNDA:0,(anonymous_4)
DA:5,0
DA:6,0
DA:7,0
DA:8,0
DA:9,0
DA:11,0
DA:12,0
DA:13,0
DA:14,0
DA:16,0
DA:19,0
DA:59,0
DA:74,0
DA:79,0
LF:14
LH:0
BRDA:13,0,0,0
BRDA:13,0,1,0
BRDA:13,1,0,0
BRDA:13,1,1,0
BRDA:69,2,0,0
BRDA:69,2,1,0
BRDA:81,3,0,0
BRDA:81,3,1,0
BRF:8
BRH:0
end_of_record
TN:
SF:src/pages/ChatOps/ChatOps.tsx
FN:22,(anonymous_0)
FN:36,(anonymous_1)
FN:40,(anonymous_2)
FN:42,(anonymous_3)
FN:51,(anonymous_4)
FN:57,(anonymous_5)
FN:65,(anonymous_6)
FN:72,(anonymous_7)
FN:76,(anonymous_8)
FN:80,(anonymous_9)
FN:91,(anonymous_10)
FN:97,(anonymous_11)
FN:136,(anonymous_12)
FN:139,(anonymous_13)
FN:158,(anonymous_14)
FN:223,(anonymous_15)
FN:246,(anonymous_16)
FNF:17
FNH:0
FNDA:0,(anonymous_0)
FNDA:0,(anonymous_1)
FNDA:0,(anonymous_2)
FNDA:0,(anonymous_3)
FNDA:0,(anonymous_4)
FNDA:0,(anonymous_5)
FNDA:0,(anonymous_6)
FNDA:0,(anonymous_7)
FNDA:0,(anonymous_8)
FNDA:0,(anonymous_9)
FNDA:0,(anonymous_10)
FNDA:0,(anonymous_11)
FNDA:0,(anonymous_12)
FNDA:0,(anonymous_13)
FNDA:0,(anonymous_14)
FNDA:0,(anonymous_15)
FNDA:0,(anonymous_16)
DA:22,0
DA:23,0
DA:24,0
DA:25,0
DA:26,0
DA:27,0
DA:29,0
DA:34,0
DA:36,0
DA:39,0
DA:40,0
DA:43,0
DA:51,0
DA:52,0
DA:53,0
DA:54,0
DA:55,0
DA:58,0
DA:65,0
DA:66,0
DA:67,0
DA:72,0
DA:73,0
DA:76,0
DA:77,0
DA:80,0
DA:81,0
DA:82,0
DA:84,0
DA:91,0
DA:92,0
DA:93,0
DA:94,0
DA:97,0
DA:98,0
DA:101,0
DA:110,0
DA:111,0
DA:118,0
DA:137,0
DA:139,0
DA:159,0
DA:223,0
DA:247,0
LF:44
LH:0
BRDA:46,0,0,0
BRDA:46,0,1,0
BRDA:61,1,0,0
BRDA:61,1,1,0
BRDA:82,2,0,0
BRDA:82,2,1,0
BRDA:82,3,0,0
BRDA:82,3,1,0
BRDA:110,4,0,0
BRDA:110,4,1,0
BRDA:110,5,0,0
BRDA:110,5,1,0
BRDA:151,6,0,0
BRDA:151,6,1,0
BRDA:161,7,0,0
BRDA:161,7,1,0
BRDA:165,8,0,0
BRDA:165,8,1,0
BRDA:173,9,0,0
BRDA:173,9,1,0
BRDA:177,10,0,0
BRDA:177,10,1,0
BRDA:183,11,0,0
BRDA:183,11,1,0
BRDA:185,12,0,0
BRDA:185,12,1,0
BRDA:187,13,0,0
BRDA:187,13,1,0
BRDA:202,14,0,0
BRDA:202,14,1,0
BRDA:231,15,0,0
BRDA:231,15,1,0
BRDA:242,16,0,0
BRDA:242,16,1,0
BRF:34
BRH:0
end_of_record
TN:
SF:src/pages/Dashboard/Dashboard.tsx
FN:12,(anonymous_0)
FN:80,(anonymous_1)
FN:138,(anonymous_2)
FN:153,(anonymous_3)
FNF:4
FNH:0
FNDA:0,(anonymous_0)
FNDA:0,(anonymous_1)
FNDA:0,(anonymous_2)
FNDA:0,(anonymous_3)
DA:12,0
DA:18,0
DA:33,0
DA:48,0
DA:59,0
DA:60,0
DA:68,0
DA:69,0
DA:81,0
DA:82,0
DA:83,0
DA:94,0
DA:125,0
DA:139,0
DA:140,0
DA:141,0
DA:154,0
LF:17
LH:0
BRDA:59,0,0,0
BRDA:59,0,1,0
BRDA:59,1,0,0
BRDA:59,1,1,0
BRDA:59,1,2,0
BRDA:68,2,0,0
BRDA:68,2,1,0
BRDA:68,3,0,0
BRDA:68,3,1,0
BRDA:68,3,2,0
BRDA:97,4,0,0
BRDA:97,4,1,0
BRDA:99,5,0,0
BRDA:99,5,1,0
BRDA:100,6,0,0
BRDA:100,6,1,0
BRDA:104,7,0,0
BRDA:104,7,1,0
BRDA:111,8,0,0
BRDA:111,8,1,0
BRDA:118,9,0,0
BRDA:118,9,1,0
BRF:22
BRH:0
end_of_record
TN:
SF:src/pages/Monitoring/Monitoring.tsx
FN:13,(anonymous_0)
FN:73,(anonymous_1)
FN:76,(anonymous_2)
FN:151,(anonymous_3)
FN:230,(anonymous_4)
FNF:5
FNH:0
FNDA:0,(anonymous_0)
FNDA:0,(anonymous_1)
FNDA:0,(anonymous_2)
FNDA:0,(anonymous_3)
FNDA:0,(anonymous_4)
DA:13,0
DA:14,0
DA:16,0
DA:22,0
DA:28,0
DA:34,0
DA:40,0
DA:47,0
DA:49,0
DA:50,0
DA:57,0
DA:74,0
DA:76,0
DA:152,0
DA:231,0
LF:15
LH:0
BRDA:47,0,0,0
BRDA:47,0,1,0
BRDA:47,0,2,0
BRDA:47,0,3,0
BRDA:49,1,0,0
BRDA:49,1,1,0
BRDA:78,2,0,0
BRDA:78,2,1,0
BRDA:92,3,0,0
BRDA:92,3,1,0
BRDA:102,4,0,0
BRDA:102,4,1,0
BRDA:113,5,0,0
BRDA:113,5,1,0
BRDA:124,6,0,0
BRDA:124,6,1,0
BRDA:135,7,0,0
BRDA:135,7,1,0
BRDA:144,8,0,0
BRDA:144,8,1,0
BRDA:151,9,0,0
BRDA:151,9,1,0
BRDA:155,10,0,0
BRDA:155,10,1,0
BRDA:156,11,0,0
BRDA:156,11,1,0
BRDA:157,12,0,0
BRDA:157,12,1,0
BRDA:171,13,0,0
BRDA:171,13,1,0
BRDA:182,14,0,0
BRDA:182,14,1,0
BRDA:193,15,0,0
BRDA:193,15,1,0
BRDA:204,16,0,0
BRDA:204,16,1,0
BRDA:230,17,0,0
BRDA:230,17,1,0
BRDA:237,18,0,0
BRDA:237,18,1,0
BRDA:238,19,0,0
BRDA:238,19,1,0
BRDA:262,20,0,0
BRDA:262,20,1,0
BRDA:270,21,0,0
BRDA:270,21,1,0
BRDA:273,22,0,0
BRDA:273,22,1,0
BRDA:277,23,0,0
BRDA:277,23,1,0
BRDA:285,24,0,0
BRDA:285,24,1,0
BRDA:288,25,0,0
BRDA:288,25,1,0
BRDA:292,26,0,0
BRDA:292,26,1,0
BRDA:300,27,0,0
BRDA:300,27,1,0
BRDA:303,28,0,0
BRDA:303,28,1,0
BRDA:307,29,0,0
BRDA:307,29,1,0
BRDA:315,30,0,0
BRDA:315,30,1,0
BRDA:318,31,0,0
BRDA:318,31,1,0
BRDA:322,32,0,0
BRDA:322,32,1,0
BRF:68
BRH:0
end_of_record
TN:
SF:src/services/api.ts
FN:62,(anonymous_0)
FN:75,(anonymous_1)
FN:82,(anonymous_2)
FN:89,(anonymous_3)
FN:92,(anonymous_4)
FN:99,(anonymous_5)
FN:132,(anonymous_6)
FN:143,(anonymous_7)
FN:150,(anonymous_8)
FN:159,(anonymous_9)
FN:163,(anonymous_10)
FN:168,(anonymous_11)
FN:173,(anonymous_12)
FN:177,(anonymous_13)
FN:182,(anonymous_14)
FN:186,(anonymous_15)
FN:190,(anonymous_16)
FN:195,(anonymous_17)
FN:200,(anonymous_18)
FN:207,(anonymous_19)
FN:213,(anonymous_20)
FN:217,(anonymous_21)
FN:221,(anonymous_22)
FNF:23
FNH:0
FNDA:0,(anonymous_0)
FNDA:0,(anonymous_1)
FNDA:0,(anonymous_2)
FNDA:0,(anonymous_3)
FNDA:0,(anonymous_4)
FNDA:0,(anonymous_5)
FNDA:0,(anonymous_6)
FNDA:0,(anonymous_7)
FNDA:0,(anonymous_8)
FNDA:0,(anonymous_9)
FNDA:0,(anonymous_10)
FNDA:0,(anonymous_11)
FNDA:0,(anonymous_12)
FNDA:0,(anonymous_13)
FNDA:0,(anonymous_14)
FNDA:0,(anonymous_15)
FNDA:0,(anonymous_16)
FNDA:0,(anonymous_17)
FNDA:0,(anonymous_18)
FNDA:0,(anonymous_19)
FNDA:0,(anonymous_20)
FNDA:0,(anonymous_21)
FNDA:0,(anonymous_22)
DA:63,0
DA:65,0
DA:74,0
DA:76,0
DA:77,0
DA:78,0
DA:80,0
DA:83,0
DA:88,0
DA:90,0
DA:93,0
DA:94,0
DA:100,0
DA:101,0
DA:102,0
DA:104,0
DA:106,0
DA:108,0
DA:109,0
DA:111,0
DA:112,0
DA:114,0
DA:115,0
DA:117,0
DA:118,0
DA:120,0
DA:121,0
DA:123,0
DA:125,0
DA:126,0
DA:128,0
DA:138,0
DA:139,0
DA:140,0
DA:142,0
DA:143,0
DA:144,0
DA:146,0
DA:151,0
DA:160,0
DA:164,0
DA:169,0
DA:174,0
DA:178,0
DA:183,0
DA:187,0
DA:191,0
DA:196,0
DA:201,0
DA:208,0
DA:209,0
DA:214,0
DA:218,0
DA:222,0
DA:227,0
LF:55
LH:0
BRDA:63,0,0,0
BRDA:63,0,1,0
BRDA:77,1,0,0
BRDA:77,1,1,0
BRDA:100,2,0,0
BRDA:100,2,1,0
BRDA:104,3,0,0
BRDA:104,3,1,0
BRDA:104,3,2,0
BRDA:104,3,3,0
BRDA:104,3,4,0
BRDA:104,3,5,0
BRDA:123,4,0,0
BRDA:123,4,1,0
BRDA:125,5,0,0
BRDA:125,5,1,0
BRDA:136,6,0,0
BRDA:142,7,0,0
BRDA:142,7,1,0
BRDA:142,8,0,0
BRDA:142,8,1,0
BRDA:152,9,0,0
BRDA:152,9,1,0
BRDA:152,9,2,0
BRDA:152,9,3,0
BRF:25
BRH:0
end_of_record
TN:
SF:src/types/api.ts
FNF:0
FNH:0
LF:0
LH:0
BRF:0
BRH:0
end_of_record
